#
# There is insufficient memory for the Java Runtime Environment to continue.
# Native memory allocation (malloc) failed to allocate 1048576 bytes for AllocateHeap
# Possible reasons:
#   The system is out of physical RAM or swap space
#   The process is running with CompressedOops enabled, and the Java Heap may be blocking the growth of the native heap
# Possible solutions:
#   Reduce memory load on the system
#   Increase physical memory or swap space
#   Check if swap backing store is full
#   Decrease Java heap size (-Xmx/-Xms)
#   Decrease number of Java threads
#   Decrease Java thread stack sizes (-Xss)
#   Set larger code cache with -XX:ReservedCodeCacheSize=
#   JVM is running with Zero Based Compressed Oops mode in which the Java heap is
#     placed in the first 32GB address space. The Java Heap base address is the
#     maximum limit for the native heap growth. Please use -XX:HeapBaseMinAddress
#     to set the Java Heap base and to place the Java Heap above 32GB virtual address.
# This output file may be truncated or incomplete.
#
#  Out of Memory Error (./src/hotspot/share/memory/allocation.cpp:46), pid=5516, tid=2924
#
# JRE version: OpenJDK Runtime Environment 18.9 (11.0.11+9) (build 11.0.11+9)
# Java VM: OpenJDK 64-Bit Server VM 18.9 (11.0.11+9, mixed mode, tiered, compressed oops, g1 gc, windows-amd64)
# No core dump will be written. Minidumps are not enabled by default on client versions of Windows
#

---------------  S U M M A R Y ------------

Command Line: -Dsun.java2d.pmoffscreen=false -Dhttps.protocols=TLSv1,TLSv1.1,TLSv1.2 -Dsun.java2d.xrender=false -Dsun.java2d.d3d=false -Dsun.awt.nopixfmt=true -Dsun.java2d.dpiaware=true -Dsun.java2d.uiScale.enabled=false -Xverify:none -Dswing.aatext=true -XX:-UsePerfData -Djdk.map.althashing.threshold=512 -XX:StringTableSize=4072 --add-opens=java.base/java.nio=ALL-UNNAMED --add-opens=java.desktop/sun.swing=ALL-UNNAMED --add-opens=java.desktop/javax.swing=ALL-UNNAMED --add-opens=java.desktop/javax.swing.tree=ALL-UNNAMED --add-opens=java.desktop/javax.swing.plaf.basic=ALL-UNNAMED --add-opens=java.desktop/javax.swing.plaf.synth=ALL-UNNAMED --add-opens=java.desktop/com.sun.awt=ALL-UNNAMED -XX:NewSize=60m -XX:MaxNewSize=60m -Xms256m -Xmx3072m -Xss5m 

Host: Intel(R) Xeon(R) E-2286G CPU @ 4.00GHz, 12 cores, 15G,  Windows 10 , 64 bit Build 26100 (10.0.26100.8328)
Time: Sat May 30 18:22:03 2026 Pakistan Standard Time elapsed time: 243.248739 seconds (0d 0h 4m 3s)

---------------  T H R E A D  ---------------

Current thread (0x000001a023ddf800):  VMThread "VM Thread" [stack: 0x0000005d35700000,0x0000005d35800000] [id=2924]

Stack: [0x0000005d35700000,0x0000005d35800000]
[error occurred during error reporting (printing stack bounds), id 0xc0000005, EXCEPTION_ACCESS_VIOLATION (0xc0000005) at pc=0x000001a058960f2d]

Native frames: (J=compiled Java code, j=interpreted, Vv=VM code, C=native code)
V  [jvm.dll+0x64fe7a]
V  [jvm.dll+0x792d3e]
V  [jvm.dll+0x79442c]
V  [jvm.dll+0x794a45]
V  [jvm.dll+0x7949fb]
V  [jvm.dll+0x64f186]
V  [jvm.dll+0x64f898]
C  [ntdll.dll+0x1663df]
C  [ntdll.dll+0x19497]
C  [ntdll.dll+0x165d1e]
C  0x000001a058960f2d

VM_Operation (0x0000005d372fe2f0): CollectForMetadataAllocation, mode: safepoint, requested by thread 0x000001a0259c1000


---------------  P R O C E S S  ---------------

Threads class SMR info:
_java_thread_list=0x000001a037bc0ba0, length=68, elements={
0x000001a025aac800, 0x000001a04da1b000, 0x000001a04e152800, 0x000001a04e153800,
0x000001a04e154000, 0x000001a04e101800, 0x000001a0259c2000, 0x000001a0259c1000,
0x000001a0259c2800, 0x000001a0259c0800, 0x000001a0259c3800, 0x000001a0259c7000,
0x000001a0259c4800, 0x000001a0259c7800, 0x000001a00a241000, 0x000001a00a240000,
0x000001a00a23f000, 0x000001a00a244000, 0x000001a00a245000, 0x000001a00a243000,
0x000001a00a247800, 0x000001a00a249000, 0x000001a00a246800, 0x000001a00a23e800,
0x000001a00a248000, 0x000001a00a241800, 0x000001a00a245800, 0x000001a00a24a800,
0x000001a006fcd800, 0x000001a006fd0800, 0x000001a006fd1800, 0x000001a006fcf000,
0x000001a006fd2800, 0x000001a006fd5800, 0x000001a006fd4000, 0x000001a006fd4800,
0x000001a006fd3000, 0x000001a006fd7000, 0x000001a006fd8000, 0x000001a006fd9000,
0x000001a006fd6800, 0x000001a006fdb800, 0x000001a006fdc000, 0x000001a006fd9800,
0x000001a00a24d000, 0x000001a00a24a000, 0x000001a01c674000, 0x000001a01c673000,
0x000001a01c672800, 0x000001a01c675800, 0x000001a01c67b800, 0x000001a01c67c000,
0x000001a01c679800, 0x000001a01c67a800, 0x000001a01c677000, 0x000001a01c67d000,
0x000001a0310da800, 0x000001a0310dc000, 0x000001a0310de800, 0x000001a0310e2000,
0x000001a0310e2800, 0x000001a0310e1000, 0x000001a0310e0000, 0x000001a0310e3800,
0x000001a0310e5000, 0x000001a0310e4800, 0x000001a0310e6800, 0x000001a01c674800
}

Java Threads: ( => current thread )
  0x000001a025aac800 JavaThread "main" [_thread_blocked, id=23740, stack(0x0000005d35100000,0x0000005d35200000)]
  0x000001a04da1b000 JavaThread "Reference Handler" daemon [_thread_blocked, id=23264, stack(0x0000005d35800000,0x0000005d35d00000)]
  0x000001a04e152800 JavaThread "Finalizer" daemon [_thread_blocked, id=808, stack(0x0000005d35d00000,0x0000005d36200000)]
  0x000001a04e153800 JavaThread "Signal Dispatcher" daemon [_thread_blocked, id=21744, stack(0x0000005d36200000,0x0000005d36700000)]
  0x000001a04e154000 JavaThread "Attach Listener" daemon [_thread_blocked, id=20700, stack(0x0000005d36700000,0x0000005d36c00000)]
  0x000001a04e101800 JavaThread "Service Thread" daemon [_thread_blocked, id=19200, stack(0x0000005d36c00000,0x0000005d37100000)]
  0x000001a0259c2000 JavaThread "C2 CompilerThread0" daemon [_thread_blocked, id=10096, stack(0x0000005d37100000,0x0000005d37200000)]
  0x000001a0259c1000 JavaThread "C1 CompilerThread0" daemon [_thread_blocked, id=23368, stack(0x0000005d37200000,0x0000005d37300000)]
  0x000001a0259c2800 JavaThread "Sweeper thread" daemon [_thread_blocked, id=15472, stack(0x0000005d37300000,0x0000005d37800000)]
  0x000001a0259c0800 JavaThread "Common-Cleaner" daemon [_thread_blocked, id=24568, stack(0x0000005d37800000,0x0000005d37d00000)]
  0x000001a0259c3800 JavaThread "Java2D Disposer" daemon [_thread_blocked, id=19268, stack(0x0000005d38000000,0x0000005d38500000)]
  0x000001a0259c7000 JavaThread "AWT-Shutdown" [_thread_blocked, id=24316, stack(0x0000005d38500000,0x0000005d38a00000)]
  0x000001a0259c4800 JavaThread "AWT-Windows" daemon [_thread_blocked, id=1248, stack(0x0000005d38a00000,0x0000005d38f00000)]
  0x000001a0259c7800 JavaThread "TimerQueue" daemon [_thread_blocked, id=13308, stack(0x0000005d39600000,0x0000005d39b00000)]
  0x000001a00a241000 JavaThread "AWT-EventQueue-0" [_thread_blocked, id=19288, stack(0x0000005d3a000000,0x0000005d3a500000)]
  0x000001a00a240000 JavaThread "Thread-1" [_thread_in_native, id=5352, stack(0x0000005d33a00000,0x0000005d34e00000)]
  0x000001a00a23f000 JavaThread "Process Messages Thread" [_thread_blocked, id=23608, stack(0x0000005d3ad00000,0x0000005d3b200000)]
  0x000001a00a244000 JavaThread "Batik CleanerThread" daemon [_thread_blocked, id=2272, stack(0x0000005d3a500000,0x0000005d3aa00000)]
  0x000001a00a245000 JavaThread "SyntheticaCleanerThread" daemon [_thread_blocked, id=22736, stack(0x0000005d3b900000,0x0000005d3be00000)]
  0x000001a00a243000 JavaThread "Monitor HEventQueue Thread" [_thread_blocked, id=2976, stack(0x0000005d3c600000,0x0000005d3cb00000)]
  0x000001a00a247800 JavaThread "SyntheticaAnimation 50" daemon [_thread_blocked, id=8328, stack(0x0000005d3cb00000,0x0000005d3d000000)]
  0x000001a00a249000 JavaThread "SyntheticaAnimation 25" daemon [_thread_blocked, id=7352, stack(0x0000005d3d000000,0x0000005d3d500000)]
  0x000001a00a246800 JavaThread "SyntheticaAnimation 70" daemon [_thread_blocked, id=16420, stack(0x0000005d3d500000,0x0000005d3da00000)]
  0x000001a00a23e800 JavaThread "Refresh Filesets Swing Worker Thread" [_thread_blocked, id=9536, stack(0x0000005d39b00000,0x0000005d3a000000)]
  0x000001a00a248000 JavaThread "Thread-18" [_thread_blocked, id=13992, stack(0x0000005d3b200000,0x0000005d3b700000)]
  0x000001a00a241800 JavaThread "OutputGobbler" daemon [_thread_in_native, id=5908, stack(0x0000005d3da00000,0x0000005d3df00000)]
  0x000001a00a245800 JavaThread "ErrorGobbler" daemon [_thread_in_native, id=1856, stack(0x0000005d3df00000,0x0000005d3e400000)]
  0x000001a00a24a800 JavaThread "hw_ila_monitor" [_thread_blocked, id=23648, stack(0x0000005d3ee00000,0x0000005d3f300000)]
  0x000001a006fcd800 JavaThread "pool-2-thread-1" [_thread_blocked, id=9488, stack(0x0000005d3fd00000,0x0000005d40200000)]
  0x000001a006fd0800 JavaThread "pool-3-thread-1" [_thread_blocked, id=21896, stack(0x0000005d40200000,0x0000005d40700000)]
  0x000001a006fd1800 JavaThread "pool-4-thread-1" [_thread_blocked, id=16344, stack(0x0000005d40700000,0x0000005d40c00000)]
  0x000001a006fcf000 JavaThread "pool-5-thread-1" [_thread_blocked, id=8808, stack(0x0000005d40c00000,0x0000005d41100000)]
  0x000001a006fd2800 JavaThread "pool-6-thread-1" [_thread_blocked, id=16324, stack(0x0000005d41100000,0x0000005d41600000)]
  0x000001a006fd5800 JavaThread "pool-7-thread-1" [_thread_blocked, id=13888, stack(0x0000005d41600000,0x0000005d41b00000)]
  0x000001a006fd4000 JavaThread "pool-8-thread-1" [_thread_blocked, id=11412, stack(0x0000005d41b00000,0x0000005d42000000)]
  0x000001a006fd4800 JavaThread "pool-9-thread-1" [_thread_blocked, id=21664, stack(0x0000005d42000000,0x0000005d42500000)]
  0x000001a006fd3000 JavaThread "pool-10-thread-1" [_thread_blocked, id=23628, stack(0x0000005d42500000,0x0000005d42a00000)]
  0x000001a006fd7000 JavaThread "pool-11-thread-1" [_thread_blocked, id=16752, stack(0x0000005d42a00000,0x0000005d42f00000)]
  0x000001a006fd8000 JavaThread "pool-12-thread-1" [_thread_blocked, id=14908, stack(0x0000005d42f00000,0x0000005d43400000)]
  0x000001a006fd9000 JavaThread "pool-13-thread-1" [_thread_blocked, id=13440, stack(0x0000005d43400000,0x0000005d43900000)]
  0x000001a006fd6800 JavaThread "pool-14-thread-1" [_thread_blocked, id=18228, stack(0x0000005d43900000,0x0000005d43e00000)]
  0x000001a006fdb800 JavaThread "pool-15-thread-1" [_thread_blocked, id=24560, stack(0x0000005d43e00000,0x0000005d44300000)]
  0x000001a006fdc000 JavaThread "pool-16-thread-1" [_thread_blocked, id=1148, stack(0x0000005d44300000,0x0000005d44800000)]
  0x000001a006fd9800 JavaThread "Update Runs Swing Worker Thread" [_thread_blocked, id=18340, stack(0x0000005d44d00000,0x0000005d45200000)]
  0x000001a00a24d000 JavaThread "Watchdog Thread for com.sigasi.lsp.server.BootstrappedLspServer" daemon [_thread_blocked, id=22244, stack(0x0000005d44800000,0x0000005d44d00000)]
  0x000001a00a24a000 JavaThread "Life support thread" daemon [_thread_blocked, id=15600, stack(0x0000005d3e900000,0x0000005d3ee00000)]
  0x000001a01c674000 JavaThread "Protocol translation thread 0" [_thread_in_native, id=24460, stack(0x0000005d45200000,0x0000005d45700000)]
  0x000001a01c673000 JavaThread "pool-18-thread-1" [_thread_blocked, id=14004, stack(0x0000005d45700000,0x0000005d45c00000)]
  0x000001a01c672800 JavaThread "EMF Reference Cleaner" daemon [_thread_blocked, id=8840, stack(0x0000005d45c00000,0x0000005d46100000)]
  0x000001a01c675800 JavaThread "ForkJoinPool.commonPool-worker-5" daemon [_thread_blocked, id=1864, stack(0x0000005d46100000,0x0000005d46600000)]
  0x000001a01c67b800 JavaThread "QuantumRenderer-0" daemon [_thread_blocked, id=22464, stack(0x0000005d47200000,0x0000005d47700000)]
  0x000001a01c67c000 JavaThread "InvokeLaterDispatcher" daemon [_thread_blocked, id=1656, stack(0x0000005d47800000,0x0000005d47d00000)]
  0x000001a01c679800 JavaThread "JavaFX Application Thread" [_thread_in_native, id=21828, stack(0x0000005d47d00000,0x0000005d48200000)]
  0x000001a01c67a800 JavaThread "Thread-142" daemon [_thread_blocked, id=22388, stack(0x0000005d48500000,0x0000005d48600000)]
  0x000001a01c677000 JavaThread "Prism Font Disposer" daemon [_thread_blocked, id=23988, stack(0x0000005d46d00000,0x0000005d47200000)]
  0x000001a01c67d000 JavaThread "Disposer" daemon [_thread_blocked, id=17872, stack(0x0000005d48600000,0x0000005d48b00000)]
  0x000001a0310da800 JavaThread "SocketStreamHandle-1" daemon [_thread_in_native, id=8056, stack(0x0000005d4b500000,0x0000005d4ba00000)]
  0x000001a0310dc000 JavaThread "Cleaner-0" daemon [_thread_blocked, id=6432, stack(0x0000005d3f300000,0x0000005d3f800000)]
  0x000001a0310de800 JavaThread "Managing Output Products Thread" [_thread_blocked, id=8160, stack(0x0000005d46800000,0x0000005d46d00000)]
  0x000001a0310e2000 JavaThread "pool-22-thread-1" [_thread_blocked, id=18952, stack(0x0000005d48b00000,0x0000005d49000000)]
  0x000001a0310e2800 JavaThread "pool-23-thread-1" [_thread_blocked, id=24184, stack(0x0000005d49200000,0x0000005d49700000)]
  0x000001a0310e1000 JavaThread "pool-24-thread-1" [_thread_blocked, id=23984, stack(0x0000005d49700000,0x0000005d49c00000)]
  0x000001a0310e0000 JavaThread "pool-25-thread-1" [_thread_blocked, id=7348, stack(0x0000005d49c00000,0x0000005d4a100000)]
  0x000001a0310e3800 JavaThread "pool-26-thread-1" [_thread_blocked, id=9932, stack(0x0000005d4a100000,0x0000005d4a600000)]
  0x000001a0310e5000 JavaThread "pool-27-thread-1" [_thread_blocked, id=23620, stack(0x0000005d4a600000,0x0000005d4ab00000)]
  0x000001a0310e4800 JavaThread "pool-28-thread-1" [_thread_blocked, id=24348, stack(0x0000005d4ae00000,0x0000005d4b300000)]
  0x000001a0310e6800 JavaThread "pool-29-thread-1" [_thread_blocked, id=1724, stack(0x0000005d4bb00000,0x0000005d4c000000)]
  0x000001a01c674800 JavaThread "Image Animator 0" daemon [_thread_blocked, id=2380, stack(0x0000005d4c500000,0x0000005d4ca00000)]

Other Threads:
=>0x000001a023ddf800 VMThread "VM Thread" [stack: 0x0000005d35700000,0x0000005d35800000] [id=2924]
  0x000001a04e2ff000 WatcherThread [stack: 0x0000005d37d00000,0x0000005d37e00000] [id=24060]
  0x000001a04f26f800 GCTaskThread "GC Thread#0" [stack: 0x0000005d35200000,0x0000005d35300000] [id=5304]
  0x000001a05022c800 GCTaskThread "GC Thread#1" [stack: 0x0000005d38f00000,0x0000005d39000000] [id=6568]
  0x000001a04e2fc800 GCTaskThread "GC Thread#2" [stack: 0x0000005d39000000,0x0000005d39100000] [id=6088]
  0x000001a04e2fd000 GCTaskThread "GC Thread#3" [stack: 0x0000005d39100000,0x0000005d39200000] [id=15720]
  0x000001a02dac5000 GCTaskThread "GC Thread#4" [stack: 0x0000005d39200000,0x0000005d39300000] [id=24028]
  0x000001a02d4f3000 GCTaskThread "GC Thread#5" [stack: 0x0000005d39300000,0x0000005d39400000] [id=7904]
  0x000001a00a25f800 GCTaskThread "GC Thread#6" [stack: 0x0000005d35000000,0x0000005d35100000] [id=4664]
  0x000001a00abc0800 GCTaskThread "GC Thread#7" [stack: 0x0000005d3aa00000,0x0000005d3ab00000] [id=21964]
  0x000001a02d3fe000 GCTaskThread "GC Thread#8" [stack: 0x0000005d3b700000,0x0000005d3b800000] [id=8064]
  0x000001a00a0ea000 GCTaskThread "GC Thread#9" [stack: 0x0000005d3b800000,0x0000005d3b900000] [id=18752]
  0x000001a04d7b4800 ConcurrentGCThread "G1 Main Marker" [stack: 0x0000005d35300000,0x0000005d35400000] [id=16544]
  0x000001a025a5f000 ConcurrentGCThread "G1 Conc#0" [stack: 0x0000005d35400000,0x0000005d35500000] [id=9592]
  0x000001a00a9bc800 ConcurrentGCThread "G1 Conc#1" [stack: 0x0000005d3ab00000,0x0000005d3ac00000] [id=2844]
  0x000001a00a6c7800 ConcurrentGCThread "G1 Conc#2" [stack: 0x0000005d3ac00000,0x0000005d3ad00000] [id=992]
  0x000001a04d7b7000 ConcurrentGCThread "G1 Refine#0" [stack: 0x0000005d35500000,0x0000005d35600000] [id=22576]
  0x000001a02dc7c800 ConcurrentGCThread "G1 Refine#1" [stack: 0x0000005d39400000,0x0000005d39500000] [id=3060]
  0x000001a02dc7e800 ConcurrentGCThread "G1 Refine#2" [stack: 0x0000005d39500000,0x0000005d39600000] [id=23784]
  0x000001a04d3ac000 ConcurrentGCThread "G1 Young RemSet Sampling" [stack: 0x0000005d35600000,0x0000005d35700000] [id=19164]

Threads with active compile tasks:
C2 CompilerThread0 243858 21697   !   4       java.nio.CharBuffer::wrap (20 bytes)
C1 CompilerThread0 243859 21702       3       sun.nio.cs.StreamEncoder::implWrite (137 bytes)

VM state:at safepoint (normal execution)

VM Mutex/Monitor currently owned by a thread:  ([mutex/lock_event])
[0x000001a04eb76230] Threads_lock - owner thread: 0x000001a023ddf800
[0x000001a04eb76d70] Heap_lock - owner thread: 0x000001a0259c1000
[0x000001a04eb785a0] MethodData_lock - owner thread: 0x000001a0259c1000

OutOfMemory and StackOverflow Exception counts:
OutOfMemoryError java_heap_errors=2
LinkageErrors=167

Heap address: 0x0000000740000000, size: 3072 MB, Compressed Oops mode: Zero based, Oop shift amount: 3
Narrow klass base: 0x0000000800000000, Narrow klass shift: 0
Compressed class space size: 1073741824 Address: 0x0000000800000000

Heap:
 garbage-first heap   total 262144K, used 100772K [0x0000000740000000, 0x0000000800000000)
  region size 1024K, 3 young (3072K), 3 survivors (3072K)
 Metaspace       used 111045K, capacity 113908K, committed 113960K, reserved 1155072K
  class space    used 14506K, capacity 15779K, committed 15820K, reserved 1048576K
Heap Regions: E=young(eden), S=young(survivor), O=old, HS=humongous(starts), HC=humongous(continues), CS=collection set, F=free, A=archive, TAMS=top-at-mark-start (previous, next)
|   0|0x0000000740000000, 0x0000000740100000, 0x0000000740100000|100%|HS|  |TAMS 0x0000000740000000, 0x0000000740100000| Untracked 
|   1|0x0000000740100000, 0x0000000740200000, 0x0000000740200000|100%|HC|  |TAMS 0x0000000740100000, 0x0000000740200000| Untracked 
|   2|0x0000000740200000, 0x0000000740300000, 0x0000000740300000|100%|HS|  |TAMS 0x0000000740200000, 0x0000000740300000| Untracked 
|   3|0x0000000740300000, 0x00000007403fffe8, 0x0000000740400000| 99%| O|  |TAMS 0x0000000740300000, 0x00000007403fffe8| Untracked 
|   4|0x0000000740400000, 0x00000007404ffff8, 0x0000000740500000| 99%| O|  |TAMS 0x0000000740400000, 0x00000007404ffff8| Untracked 
|   5|0x0000000740500000, 0x00000007405ffff0, 0x0000000740600000| 99%| O|  |TAMS 0x0000000740500000, 0x00000007405ffff0| Untracked 
|   6|0x0000000740600000, 0x0000000740700000, 0x0000000740700000|100%| O|  |TAMS 0x0000000740600000, 0x0000000740700000| Untracked 
|   7|0x0000000740700000, 0x00000007407fffe8, 0x0000000740800000| 99%| O|  |TAMS 0x0000000740700000, 0x00000007407fffe8| Untracked 
|   8|0x0000000740800000, 0x00000007408ffff0, 0x0000000740900000| 99%| O|  |TAMS 0x0000000740800000, 0x00000007408ffff0| Untracked 
|   9|0x0000000740900000, 0x00000007409ffff8, 0x0000000740a00000| 99%| O|  |TAMS 0x0000000740900000, 0x00000007409ffff8| Untracked 
|  10|0x0000000740a00000, 0x0000000740affff8, 0x0000000740b00000| 99%| O|  |TAMS 0x0000000740a00000, 0x0000000740affff8| Untracked 
|  11|0x0000000740b00000, 0x0000000740bffff0, 0x0000000740c00000| 99%| O|  |TAMS 0x0000000740b00000, 0x0000000740bffff0| Untracked 
|  12|0x0000000740c00000, 0x0000000740cfffc8, 0x0000000740d00000| 99%| O|  |TAMS 0x0000000740c00000, 0x0000000740cfffc8| Untracked 
|  13|0x0000000740d00000, 0x0000000740dfffe8, 0x0000000740e00000| 99%| O|  |TAMS 0x0000000740d00000, 0x0000000740dfffe8| Untracked 
|  14|0x0000000740e00000, 0x0000000740effff0, 0x0000000740f00000| 99%| O|  |TAMS 0x0000000740e00000, 0x0000000740effff0| Untracked 
|  15|0x0000000740f00000, 0x0000000741000000, 0x0000000741000000|100%| O|  |TAMS 0x0000000740f00000, 0x0000000741000000| Untracked 
|  16|0x0000000741000000, 0x0000000741100000, 0x0000000741100000|100%| O|  |TAMS 0x0000000741000000, 0x0000000741100000| Untracked 
|  17|0x0000000741100000, 0x00000007411fffe8, 0x0000000741200000| 99%| O|  |TAMS 0x0000000741100000, 0x00000007411fffe8| Untracked 
|  18|0x0000000741200000, 0x0000000741300000, 0x0000000741300000|100%| O|  |TAMS 0x0000000741200000, 0x0000000741300000| Untracked 
|  19|0x0000000741300000, 0x00000007413ffff0, 0x0000000741400000| 99%| O|  |TAMS 0x0000000741300000, 0x00000007413ffff0| Untracked 
|  20|0x0000000741400000, 0x00000007414ffff8, 0x0000000741500000| 99%| O|  |TAMS 0x0000000741400000, 0x00000007414ffff8| Untracked 
|  21|0x0000000741500000, 0x00000007415ffff8, 0x0000000741600000| 99%| O|  |TAMS 0x0000000741500000, 0x00000007415ffff8| Untracked 
|  22|0x0000000741600000, 0x0000000741700000, 0x0000000741700000|100%| O|  |TAMS 0x0000000741600000, 0x0000000741700000| Untracked 
|  23|0x0000000741700000, 0x00000007417ffff8, 0x0000000741800000| 99%| O|  |TAMS 0x0000000741700000, 0x00000007417ffff8| Untracked 
|  24|0x0000000741800000, 0x0000000741900000, 0x0000000741900000|100%| O|  |TAMS 0x0000000741800000, 0x0000000741900000| Untracked 
|  25|0x0000000741900000, 0x00000007419ffff8, 0x0000000741a00000| 99%| O|  |TAMS 0x0000000741900000, 0x00000007419ffff8| Untracked 
|  26|0x0000000741a00000, 0x0000000741b00000, 0x0000000741b00000|100%| O|  |TAMS 0x0000000741a00000, 0x0000000741b00000| Untracked 
|  27|0x0000000741b00000, 0x0000000741bffff8, 0x0000000741c00000| 99%| O|  |TAMS 0x0000000741b00000, 0x0000000741bffff8| Untracked 
|  28|0x0000000741c00000, 0x0000000741cffff0, 0x0000000741d00000| 99%| O|  |TAMS 0x0000000741c00000, 0x0000000741cffff0| Untracked 
|  29|0x0000000741d00000, 0x0000000741dffff0, 0x0000000741e00000| 99%| O|  |TAMS 0x0000000741d00000, 0x0000000741dffff0| Untracked 
|  30|0x0000000741e00000, 0x0000000741effff0, 0x0000000741f00000| 99%| O|  |TAMS 0x0000000741e00000, 0x0000000741effff0| Untracked 
|  31|0x0000000741f00000, 0x0000000742000000, 0x0000000742000000|100%| O|  |TAMS 0x0000000741f00000, 0x0000000742000000| Untracked 
|  32|0x0000000742000000, 0x00000007420fffe8, 0x0000000742100000| 99%| O|  |TAMS 0x0000000742000000, 0x00000007420fffe8| Untracked 
|  33|0x0000000742100000, 0x0000000742200000, 0x0000000742200000|100%| O|  |TAMS 0x0000000742100000, 0x0000000742200000| Untracked 
|  34|0x0000000742200000, 0x0000000742300000, 0x0000000742300000|100%| O|  |TAMS 0x0000000742200000, 0x0000000742300000| Untracked 
|  35|0x0000000742300000, 0x00000007423ffff8, 0x0000000742400000| 99%| O|  |TAMS 0x0000000742300000, 0x00000007423ffff8| Untracked 
|  36|0x0000000742400000, 0x00000007424ffff0, 0x0000000742500000| 99%| O|  |TAMS 0x0000000742400000, 0x00000007424ffff0| Untracked 
|  37|0x0000000742500000, 0x00000007425ffff8, 0x0000000742600000| 99%| O|  |TAMS 0x0000000742500000, 0x00000007425ffff8| Untracked 
|  38|0x0000000742600000, 0x0000000742700000, 0x0000000742700000|100%|HS|  |TAMS 0x0000000742600000, 0x0000000742700000| Untracked 
|  39|0x0000000742700000, 0x0000000742800000, 0x0000000742800000|100%|HC|  |TAMS 0x0000000742700000, 0x0000000742800000| Untracked 
|  40|0x0000000742800000, 0x0000000742900000, 0x0000000742900000|100%|HC|  |TAMS 0x0000000742800000, 0x0000000742900000| Untracked 
|  41|0x0000000742900000, 0x0000000742a00000, 0x0000000742a00000|100%|HC|  |TAMS 0x0000000742900000, 0x0000000742a00000| Untracked 
|  42|0x0000000742a00000, 0x0000000742b00000, 0x0000000742b00000|100%|HC|  |TAMS 0x0000000742a00000, 0x0000000742b00000| Untracked 
|  43|0x0000000742b00000, 0x0000000742c00000, 0x0000000742c00000|100%|HC|  |TAMS 0x0000000742b00000, 0x0000000742c00000| Untracked 
|  44|0x0000000742c00000, 0x0000000742d00000, 0x0000000742d00000|100%|HC|  |TAMS 0x0000000742c00000, 0x0000000742d00000| Untracked 
|  45|0x0000000742d00000, 0x0000000742e00000, 0x0000000742e00000|100%|HC|  |TAMS 0x0000000742d00000, 0x0000000742e00000| Untracked 
|  46|0x0000000742e00000, 0x0000000742efffe0, 0x0000000742f00000| 99%| O|  |TAMS 0x0000000742e00000, 0x0000000742efffe0| Untracked 
|  47|0x0000000742f00000, 0x0000000743000000, 0x0000000743000000|100%|HS|  |TAMS 0x0000000742f00000, 0x0000000743000000| Untracked 
|  48|0x0000000743000000, 0x00000007430ffff0, 0x0000000743100000| 99%| O|  |TAMS 0x0000000743000000, 0x00000007430ffff0| Untracked 
|  49|0x0000000743100000, 0x00000007431ffec0, 0x0000000743200000| 99%| O|  |TAMS 0x0000000743100000, 0x00000007431ffec0| Untracked 
|  50|0x0000000743200000, 0x0000000743300000, 0x0000000743300000|100%| O|  |TAMS 0x0000000743200000, 0x0000000743300000| Untracked 
|  51|0x0000000743300000, 0x00000007433fffe0, 0x0000000743400000| 99%| O|  |TAMS 0x0000000743300000, 0x00000007433fffe0| Untracked 
|  52|0x0000000743400000, 0x00000007434fb040, 0x0000000743500000| 98%| O|  |TAMS 0x0000000743400000, 0x00000007434fb040| Untracked 
|  53|0x0000000743500000, 0x0000000743600000, 0x0000000743600000|100%| O|  |TAMS 0x0000000743500000, 0x0000000743600000| Untracked 
|  54|0x0000000743600000, 0x0000000743700000, 0x0000000743700000|100%| O|  |TAMS 0x0000000743600000, 0x0000000743700000| Untracked 
|  55|0x0000000743700000, 0x00000007437ffff8, 0x0000000743800000| 99%| O|  |TAMS 0x0000000743700000, 0x00000007437ffff8| Untracked 
|  56|0x0000000743800000, 0x00000007438fe1a8, 0x0000000743900000| 99%| O|  |TAMS 0x0000000743800000, 0x00000007438fe1a8| Untracked 
|  57|0x0000000743900000, 0x00000007439d9ac8, 0x0000000743a00000| 85%| O|  |TAMS 0x0000000743900000, 0x00000007439d9ac8| Untracked 
|  58|0x0000000743a00000, 0x0000000743afffe8, 0x0000000743b00000| 99%| O|  |TAMS 0x0000000743a00000, 0x0000000743afffe8| Untracked 
|  59|0x0000000743b00000, 0x0000000743bff5f0, 0x0000000743c00000| 99%| O|  |TAMS 0x0000000743b00000, 0x0000000743bff5f0| Untracked 
|  60|0x0000000743c00000, 0x0000000743cfffe8, 0x0000000743d00000| 99%| O|  |TAMS 0x0000000743c00000, 0x0000000743cfffe8| Untracked 
|  61|0x0000000743d00000, 0x0000000743dffff8, 0x0000000743e00000| 99%| O|  |TAMS 0x0000000743d00000, 0x0000000743dffff8| Untracked 
|  62|0x0000000743e00000, 0x0000000743effff0, 0x0000000743f00000| 99%| O|  |TAMS 0x0000000743e00000, 0x0000000743effff0| Untracked 
|  63|0x0000000743f00000, 0x0000000744000000, 0x0000000744000000|100%| O|  |TAMS 0x0000000743f00000, 0x0000000744000000| Untracked 
|  64|0x0000000744000000, 0x0000000744100000, 0x0000000744100000|100%| O|  |TAMS 0x0000000744000000, 0x0000000744100000| Untracked 
|  65|0x0000000744100000, 0x00000007441fffe8, 0x0000000744200000| 99%| O|  |TAMS 0x0000000744100000, 0x00000007441fffe8| Untracked 
|  66|0x0000000744200000, 0x00000007442fffe8, 0x0000000744300000| 99%| O|  |TAMS 0x0000000744200000, 0x00000007442fffe8| Untracked 
|  67|0x0000000744300000, 0x00000007443ffff8, 0x0000000744400000| 99%| O|  |TAMS 0x0000000744300000, 0x00000007443ffff8| Untracked 
|  68|0x0000000744400000, 0x00000007444fffe0, 0x0000000744500000| 99%| O|  |TAMS 0x0000000744400000, 0x00000007444fffe0| Untracked 
|  69|0x0000000744500000, 0x00000007445fffe8, 0x0000000744600000| 99%| O|  |TAMS 0x0000000744500000, 0x00000007445fffe8| Untracked 
|  70|0x0000000744600000, 0x00000007446ffff0, 0x0000000744700000| 99%| O|  |TAMS 0x0000000744600000, 0x00000007446ffff0| Untracked 
|  71|0x0000000744700000, 0x00000007447ffff8, 0x0000000744800000| 99%| O|  |TAMS 0x0000000744700000, 0x00000007447ffff8| Untracked 
|  72|0x0000000744800000, 0x00000007448fdee8, 0x0000000744900000| 99%| O|  |TAMS 0x0000000744800000, 0x00000007448fdee8| Untracked 
|  73|0x0000000744900000, 0x0000000744a00000, 0x0000000744a00000|100%| O|  |TAMS 0x0000000744900000, 0x0000000744a00000| Untracked 
|  74|0x0000000744a00000, 0x0000000744af3bf8, 0x0000000744b00000| 95%| O|  |TAMS 0x0000000744a00000, 0x0000000744af3bf8| Untracked 
|  75|0x0000000744b00000, 0x0000000744bffff0, 0x0000000744c00000| 99%| O|  |TAMS 0x0000000744b00000, 0x0000000744bffff0| Untracked 
|  76|0x0000000744c00000, 0x0000000744cffec0, 0x0000000744d00000| 99%| O|  |TAMS 0x0000000744c00000, 0x0000000744cffec0| Untracked 
|  77|0x0000000744d00000, 0x0000000744dfffa0, 0x0000000744e00000| 99%| O|  |TAMS 0x0000000744d00000, 0x0000000744dfffa0| Untracked 
|  78|0x0000000744e00000, 0x0000000744efffe0, 0x0000000744f00000| 99%| O|  |TAMS 0x0000000744e00000, 0x0000000744efffe0| Untracked 
|  79|0x0000000744f00000, 0x0000000744ffffe8, 0x0000000745000000| 99%| O|  |TAMS 0x0000000744f00000, 0x0000000744ffffe8| Untracked 
|  80|0x0000000745000000, 0x00000007450c8de0, 0x0000000745100000| 78%| O|  |TAMS 0x0000000745000000, 0x00000007450c8de0| Untracked 
|  81|0x0000000745100000, 0x00000007451bfde8, 0x0000000745200000| 74%| O|  |TAMS 0x0000000745100000, 0x00000007451bfde8| Untracked 
|  82|0x0000000745200000, 0x00000007452ffff8, 0x0000000745300000| 99%| O|  |TAMS 0x0000000745200000, 0x00000007452ffff8| Untracked 
|  83|0x0000000745300000, 0x00000007453fff60, 0x0000000745400000| 99%| O|  |TAMS 0x0000000745300000, 0x00000007453fff60| Untracked 
|  84|0x0000000745400000, 0x00000007454fffd0, 0x0000000745500000| 99%| O|  |TAMS 0x0000000745400000, 0x00000007454fffd0| Untracked 
|  85|0x0000000745500000, 0x00000007455f5768, 0x0000000745600000| 95%| O|  |TAMS 0x0000000745500000, 0x00000007455f5768| Untracked 
|  86|0x0000000745600000, 0x0000000745600000, 0x0000000745700000|  0%| F|  |TAMS 0x0000000745600000, 0x0000000745600000| Untracked 
|  87|0x0000000745700000, 0x0000000745800000, 0x0000000745800000|100%|HS|  |TAMS 0x0000000745700000, 0x0000000745800000| Complete 
|  88|0x0000000745800000, 0x0000000745800000, 0x0000000745900000|  0%| F|  |TAMS 0x0000000745800000, 0x0000000745800000| Untracked 
|  89|0x0000000745900000, 0x000000074599b300, 0x0000000745a00000| 60%| O|  |TAMS 0x0000000745900000, 0x000000074599b300| Untracked 
|  90|0x0000000745a00000, 0x0000000745b00000, 0x0000000745b00000|100%|HS|  |TAMS 0x0000000745a00000, 0x0000000745b00000| Untracked 
|  91|0x0000000745b00000, 0x0000000745b50a20, 0x0000000745c00000| 31%| O|  |TAMS 0x0000000745b00000, 0x0000000745b50a20| Untracked 
|  92|0x0000000745c00000, 0x0000000745c00000, 0x0000000745d00000|  0%| F|  |TAMS 0x0000000745c00000, 0x0000000745c00000| Untracked 
|  93|0x0000000745d00000, 0x0000000745d00000, 0x0000000745e00000|  0%| F|  |TAMS 0x0000000745d00000, 0x0000000745d00000| Untracked 
|  94|0x0000000745e00000, 0x0000000745e00000, 0x0000000745f00000|  0%| F|  |TAMS 0x0000000745e00000, 0x0000000745e00000| Untracked 
|  95|0x0000000745f00000, 0x0000000745f00000, 0x0000000746000000|  0%| F|  |TAMS 0x0000000745f00000, 0x0000000745f00000| Untracked 
|  96|0x0000000746000000, 0x0000000746000000, 0x0000000746100000|  0%| F|  |TAMS 0x0000000746000000, 0x0000000746000000| Untracked 
|  97|0x0000000746100000, 0x0000000746100000, 0x0000000746200000|  0%| F|  |TAMS 0x0000000746100000, 0x0000000746100000| Untracked 
|  98|0x0000000746200000, 0x0000000746200000, 0x0000000746300000|  0%| F|  |TAMS 0x0000000746200000, 0x0000000746200000| Untracked 
|  99|0x0000000746300000, 0x0000000746300000, 0x0000000746400000|  0%| F|  |TAMS 0x0000000746300000, 0x0000000746300000| Untracked 
| 100|0x0000000746400000, 0x0000000746400000, 0x0000000746500000|  0%| F|  |TAMS 0x0000000746400000, 0x0000000746400000| Untracked 
| 101|0x0000000746500000, 0x0000000746500000, 0x0000000746600000|  0%| F|  |TAMS 0x0000000746500000, 0x0000000746500000| Untracked 
| 102|0x0000000746600000, 0x0000000746600000, 0x0000000746700000|  0%| F|  |TAMS 0x0000000746600000, 0x0000000746600000| Untracked 
| 103|0x0000000746700000, 0x0000000746700000, 0x0000000746800000|  0%| F|  |TAMS 0x0000000746700000, 0x0000000746700000| Untracked 
| 104|0x0000000746800000, 0x0000000746800000, 0x0000000746900000|  0%| F|  |TAMS 0x0000000746800000, 0x0000000746800000| Untracked 
| 105|0x0000000746900000, 0x0000000746900000, 0x0000000746a00000|  0%| F|  |TAMS 0x0000000746900000, 0x0000000746900000| Untracked 
| 106|0x0000000746a00000, 0x0000000746b00000, 0x0000000746b00000|100%|HS|  |TAMS 0x0000000746a00000, 0x0000000746b00000| Untracked 
| 107|0x0000000746b00000, 0x0000000746c00000, 0x0000000746c00000|100%|HC|  |TAMS 0x0000000746b00000, 0x0000000746c00000| Untracked 
| 108|0x0000000746c00000, 0x0000000746d00000, 0x0000000746d00000|100%|HC|  |TAMS 0x0000000746c00000, 0x0000000746d00000| Untracked 
| 109|0x0000000746d00000, 0x0000000746e00000, 0x0000000746e00000|100%|HS|  |TAMS 0x0000000746d00000, 0x0000000746e00000| Untracked 
| 110|0x0000000746e00000, 0x0000000746f00000, 0x0000000746f00000|100%|HC|  |TAMS 0x0000000746e00000, 0x0000000746f00000| Untracked 
| 111|0x0000000746f00000, 0x0000000746fd9a70, 0x0000000747000000| 85%| O|  |TAMS 0x0000000746f00000, 0x0000000746fd9a70| Untracked 
| 112|0x0000000747000000, 0x0000000747000000, 0x0000000747100000|  0%| F|  |TAMS 0x0000000747000000, 0x0000000747000000| Untracked 
| 113|0x0000000747100000, 0x0000000747100000, 0x0000000747200000|  0%| F|  |TAMS 0x0000000747100000, 0x0000000747100000| Untracked 
| 114|0x0000000747200000, 0x0000000747200000, 0x0000000747300000|  0%| F|  |TAMS 0x0000000747200000, 0x0000000747200000| Untracked 
| 115|0x0000000747300000, 0x0000000747300000, 0x0000000747400000|  0%| F|  |TAMS 0x0000000747300000, 0x0000000747300000| Untracked 
| 116|0x0000000747400000, 0x0000000747400000, 0x0000000747500000|  0%| F|  |TAMS 0x0000000747400000, 0x0000000747400000| Untracked 
| 117|0x0000000747500000, 0x0000000747500000, 0x0000000747600000|  0%| F|  |TAMS 0x0000000747500000, 0x0000000747500000| Untracked 
| 118|0x0000000747600000, 0x0000000747600000, 0x0000000747700000|  0%| F|  |TAMS 0x0000000747600000, 0x0000000747600000| Untracked 
| 119|0x0000000747700000, 0x0000000747700000, 0x0000000747800000|  0%| F|  |TAMS 0x0000000747700000, 0x0000000747700000| Untracked 
| 120|0x0000000747800000, 0x0000000747800000, 0x0000000747900000|  0%| F|  |TAMS 0x0000000747800000, 0x0000000747800000| Untracked 
| 121|0x0000000747900000, 0x0000000747900000, 0x0000000747a00000|  0%| F|  |TAMS 0x0000000747900000, 0x0000000747900000| Untracked 
| 122|0x0000000747a00000, 0x0000000747a00000, 0x0000000747b00000|  0%| F|  |TAMS 0x0000000747a00000, 0x0000000747a00000| Untracked 
| 123|0x0000000747b00000, 0x0000000747b00000, 0x0000000747c00000|  0%| F|  |TAMS 0x0000000747b00000, 0x0000000747b00000| Untracked 
| 124|0x0000000747c00000, 0x0000000747c00000, 0x0000000747d00000|  0%| F|  |TAMS 0x0000000747c00000, 0x0000000747c00000| Untracked 
| 125|0x0000000747d00000, 0x0000000747d00000, 0x0000000747e00000|  0%| F|  |TAMS 0x0000000747d00000, 0x0000000747d00000| Untracked 
| 126|0x0000000747e00000, 0x0000000747e00000, 0x0000000747f00000|  0%| F|  |TAMS 0x0000000747e00000, 0x0000000747e00000| Untracked 
| 127|0x0000000747f00000, 0x0000000747f00000, 0x0000000748000000|  0%| F|  |TAMS 0x0000000747f00000, 0x0000000747f00000| Untracked 
| 128|0x0000000748000000, 0x0000000748000000, 0x0000000748100000|  0%| F|  |TAMS 0x0000000748000000, 0x0000000748000000| Untracked 
| 129|0x0000000748100000, 0x0000000748100000, 0x0000000748200000|  0%| F|  |TAMS 0x0000000748100000, 0x0000000748100000| Untracked 
| 130|0x0000000748200000, 0x0000000748200000, 0x0000000748300000|  0%| F|  |TAMS 0x0000000748200000, 0x0000000748200000| Untracked 
| 131|0x0000000748300000, 0x0000000748300000, 0x0000000748400000|  0%| F|  |TAMS 0x0000000748300000, 0x0000000748300000| Untracked 
| 132|0x0000000748400000, 0x0000000748400000, 0x0000000748500000|  0%| F|  |TAMS 0x0000000748400000, 0x0000000748400000| Untracked 
| 133|0x0000000748500000, 0x0000000748500000, 0x0000000748600000|  0%| F|  |TAMS 0x0000000748500000, 0x0000000748500000| Untracked 
| 134|0x0000000748600000, 0x0000000748600000, 0x0000000748700000|  0%| F|  |TAMS 0x0000000748600000, 0x0000000748600000| Untracked 
| 135|0x0000000748700000, 0x0000000748700000, 0x0000000748800000|  0%| F|  |TAMS 0x0000000748700000, 0x0000000748700000| Untracked 
| 136|0x0000000748800000, 0x0000000748800000, 0x0000000748900000|  0%| F|  |TAMS 0x0000000748800000, 0x0000000748800000| Untracked 
| 137|0x0000000748900000, 0x0000000748900000, 0x0000000748a00000|  0%| F|  |TAMS 0x0000000748900000, 0x0000000748900000| Untracked 
| 138|0x0000000748a00000, 0x0000000748a00000, 0x0000000748b00000|  0%| F|  |TAMS 0x0000000748a00000, 0x0000000748a00000| Untracked 
| 139|0x0000000748b00000, 0x0000000748b00000, 0x0000000748c00000|  0%| F|  |TAMS 0x0000000748b00000, 0x0000000748b00000| Untracked 
| 140|0x0000000748c00000, 0x0000000748c00000, 0x0000000748d00000|  0%| F|  |TAMS 0x0000000748c00000, 0x0000000748c00000| Untracked 
| 141|0x0000000748d00000, 0x0000000748d00000, 0x0000000748e00000|  0%| F|  |TAMS 0x0000000748d00000, 0x0000000748d00000| Untracked 
| 142|0x0000000748e00000, 0x0000000748e00000, 0x0000000748f00000|  0%| F|  |TAMS 0x0000000748e00000, 0x0000000748e00000| Untracked 
| 143|0x0000000748f00000, 0x0000000748f00000, 0x0000000749000000|  0%| F|  |TAMS 0x0000000748f00000, 0x0000000748f00000| Untracked 
| 144|0x0000000749000000, 0x0000000749000000, 0x0000000749100000|  0%| F|  |TAMS 0x0000000749000000, 0x0000000749000000| Untracked 
| 145|0x0000000749100000, 0x0000000749100000, 0x0000000749200000|  0%| F|  |TAMS 0x0000000749100000, 0x0000000749100000| Untracked 
| 146|0x0000000749200000, 0x0000000749200000, 0x0000000749300000|  0%| F|  |TAMS 0x0000000749200000, 0x0000000749200000| Untracked 
| 147|0x0000000749300000, 0x0000000749300000, 0x0000000749400000|  0%| F|  |TAMS 0x0000000749300000, 0x0000000749300000| Untracked 
| 148|0x0000000749400000, 0x0000000749400000, 0x0000000749500000|  0%| F|  |TAMS 0x0000000749400000, 0x0000000749400000| Untracked 
| 149|0x0000000749500000, 0x0000000749500000, 0x0000000749600000|  0%| F|  |TAMS 0x0000000749500000, 0x0000000749500000| Untracked 
| 150|0x0000000749600000, 0x0000000749600000, 0x0000000749700000|  0%| F|  |TAMS 0x0000000749600000, 0x0000000749600000| Untracked 
| 151|0x0000000749700000, 0x0000000749700000, 0x0000000749800000|  0%| F|  |TAMS 0x0000000749700000, 0x0000000749700000| Untracked 
| 152|0x0000000749800000, 0x0000000749800000, 0x0000000749900000|  0%| F|  |TAMS 0x0000000749800000, 0x0000000749800000| Untracked 
| 153|0x0000000749900000, 0x0000000749900000, 0x0000000749a00000|  0%| F|  |TAMS 0x0000000749900000, 0x0000000749900000| Untracked 
| 154|0x0000000749a00000, 0x0000000749a00000, 0x0000000749b00000|  0%| F|  |TAMS 0x0000000749a00000, 0x0000000749a00000| Untracked 
| 155|0x0000000749b00000, 0x0000000749b00000, 0x0000000749c00000|  0%| F|  |TAMS 0x0000000749b00000, 0x0000000749b00000| Untracked 
| 156|0x0000000749c00000, 0x0000000749c00000, 0x0000000749d00000|  0%| F|  |TAMS 0x0000000749c00000, 0x0000000749c00000| Untracked 
| 157|0x0000000749d00000, 0x0000000749d00000, 0x0000000749e00000|  0%| F|  |TAMS 0x0000000749d00000, 0x0000000749d00000| Untracked 
| 158|0x0000000749e00000, 0x0000000749e00000, 0x0000000749f00000|  0%| F|  |TAMS 0x0000000749e00000, 0x0000000749e00000| Untracked 
| 159|0x0000000749f00000, 0x0000000749f00000, 0x000000074a000000|  0%| F|  |TAMS 0x0000000749f00000, 0x0000000749f00000| Untracked 
| 160|0x000000074a000000, 0x000000074a000000, 0x000000074a100000|  0%| F|  |TAMS 0x000000074a000000, 0x000000074a000000| Untracked 
| 161|0x000000074a100000, 0x000000074a100000, 0x000000074a200000|  0%| F|  |TAMS 0x000000074a100000, 0x000000074a100000| Untracked 
| 162|0x000000074a200000, 0x000000074a200000, 0x000000074a300000|  0%| F|  |TAMS 0x000000074a200000, 0x000000074a200000| Untracked 
| 163|0x000000074a300000, 0x000000074a300000, 0x000000074a400000|  0%| F|  |TAMS 0x000000074a300000, 0x000000074a300000| Untracked 
| 164|0x000000074a400000, 0x000000074a400000, 0x000000074a500000|  0%| F|  |TAMS 0x000000074a400000, 0x000000074a400000| Untracked 
| 165|0x000000074a500000, 0x000000074a500000, 0x000000074a600000|  0%| F|  |TAMS 0x000000074a500000, 0x000000074a500000| Untracked 
| 166|0x000000074a600000, 0x000000074a600000, 0x000000074a700000|  0%| F|  |TAMS 0x000000074a600000, 0x000000074a600000| Untracked 
| 167|0x000000074a700000, 0x000000074a700000, 0x000000074a800000|  0%| F|  |TAMS 0x000000074a700000, 0x000000074a700000| Untracked 
| 168|0x000000074a800000, 0x000000074a800000, 0x000000074a900000|  0%| F|  |TAMS 0x000000074a800000, 0x000000074a800000| Untracked 
| 169|0x000000074a900000, 0x000000074a900000, 0x000000074aa00000|  0%| F|  |TAMS 0x000000074a900000, 0x000000074a900000| Untracked 
| 170|0x000000074aa00000, 0x000000074aa00000, 0x000000074ab00000|  0%| F|  |TAMS 0x000000074aa00000, 0x000000074aa00000| Untracked 
| 171|0x000000074ab00000, 0x000000074ab00000, 0x000000074ac00000|  0%| F|  |TAMS 0x000000074ab00000, 0x000000074ab00000| Untracked 
| 172|0x000000074ac00000, 0x000000074ac00000, 0x000000074ad00000|  0%| F|  |TAMS 0x000000074ac00000, 0x000000074ac00000| Untracked 
| 173|0x000000074ad00000, 0x000000074ad00000, 0x000000074ae00000|  0%| F|  |TAMS 0x000000074ad00000, 0x000000074ad00000| Untracked 
| 174|0x000000074ae00000, 0x000000074ae00000, 0x000000074af00000|  0%| F|  |TAMS 0x000000074ae00000, 0x000000074ae00000| Untracked 
| 175|0x000000074af00000, 0x000000074af00000, 0x000000074b000000|  0%| F|  |TAMS 0x000000074af00000, 0x000000074af00000| Untracked 
| 176|0x000000074b000000, 0x000000074b000000, 0x000000074b100000|  0%| F|  |TAMS 0x000000074b000000, 0x000000074b000000| Untracked 
| 177|0x000000074b100000, 0x000000074b100000, 0x000000074b200000|  0%| F|  |TAMS 0x000000074b100000, 0x000000074b100000| Untracked 
| 178|0x000000074b200000, 0x000000074b200000, 0x000000074b300000|  0%| F|  |TAMS 0x000000074b200000, 0x000000074b200000| Untracked 
| 179|0x000000074b300000, 0x000000074b300000, 0x000000074b400000|  0%| F|  |TAMS 0x000000074b300000, 0x000000074b300000| Untracked 
| 180|0x000000074b400000, 0x000000074b400000, 0x000000074b500000|  0%| F|  |TAMS 0x000000074b400000, 0x000000074b400000| Untracked 
| 181|0x000000074b500000, 0x000000074b500000, 0x000000074b600000|  0%| F|  |TAMS 0x000000074b500000, 0x000000074b500000| Untracked 
| 182|0x000000074b600000, 0x000000074b600000, 0x000000074b700000|  0%| F|  |TAMS 0x000000074b600000, 0x000000074b600000| Untracked 
| 183|0x000000074b700000, 0x000000074b700000, 0x000000074b800000|  0%| F|  |TAMS 0x000000074b700000, 0x000000074b700000| Untracked 
| 184|0x000000074b800000, 0x000000074b800000, 0x000000074b900000|  0%| F|  |TAMS 0x000000074b800000, 0x000000074b800000| Untracked 
| 185|0x000000074b900000, 0x000000074b900000, 0x000000074ba00000|  0%| F|  |TAMS 0x000000074b900000, 0x000000074b900000| Untracked 
| 186|0x000000074ba00000, 0x000000074ba00000, 0x000000074bb00000|  0%| F|  |TAMS 0x000000074ba00000, 0x000000074ba00000| Untracked 
| 187|0x000000074bb00000, 0x000000074bb00000, 0x000000074bc00000|  0%| F|  |TAMS 0x000000074bb00000, 0x000000074bb00000| Untracked 
| 188|0x000000074bc00000, 0x000000074bc00000, 0x000000074bd00000|  0%| F|  |TAMS 0x000000074bc00000, 0x000000074bc00000| Untracked 
| 189|0x000000074bd00000, 0x000000074bd00000, 0x000000074be00000|  0%| F|  |TAMS 0x000000074bd00000, 0x000000074bd00000| Untracked 
| 190|0x000000074be00000, 0x000000074be00000, 0x000000074bf00000|  0%| F|  |TAMS 0x000000074be00000, 0x000000074be00000| Untracked 
| 191|0x000000074bf00000, 0x000000074bf00000, 0x000000074c000000|  0%| F|  |TAMS 0x000000074bf00000, 0x000000074bf00000| Untracked 
| 192|0x000000074c000000, 0x000000074c000000, 0x000000074c100000|  0%| F|  |TAMS 0x000000074c000000, 0x000000074c000000| Untracked 
| 193|0x000000074c100000, 0x000000074c100000, 0x000000074c200000|  0%| F|  |TAMS 0x000000074c100000, 0x000000074c100000| Untracked 
| 194|0x000000074c200000, 0x000000074c200000, 0x000000074c300000|  0%| F|  |TAMS 0x000000074c200000, 0x000000074c200000| Untracked 
| 195|0x000000074c300000, 0x000000074c300000, 0x000000074c400000|  0%| F|  |TAMS 0x000000074c300000, 0x000000074c300000| Untracked 
| 196|0x000000074c400000, 0x000000074c400000, 0x000000074c500000|  0%| F|  |TAMS 0x000000074c400000, 0x000000074c400000| Untracked 
| 197|0x000000074c500000, 0x000000074c500000, 0x000000074c600000|  0%| F|  |TAMS 0x000000074c500000, 0x000000074c500000| Untracked 
| 198|0x000000074c600000, 0x000000074c600000, 0x000000074c700000|  0%| F|  |TAMS 0x000000074c600000, 0x000000074c600000| Untracked 
| 199|0x000000074c700000, 0x000000074c700000, 0x000000074c800000|  0%| F|  |TAMS 0x000000074c700000, 0x000000074c700000| Untracked 
| 200|0x000000074c800000, 0x000000074c800000, 0x000000074c900000|  0%| F|  |TAMS 0x000000074c800000, 0x000000074c800000| Untracked 
| 201|0x000000074c900000, 0x000000074c900000, 0x000000074ca00000|  0%| F|  |TAMS 0x000000074c900000, 0x000000074c900000| Untracked 
| 202|0x000000074ca00000, 0x000000074ca00000, 0x000000074cb00000|  0%| F|  |TAMS 0x000000074ca00000, 0x000000074ca00000| Untracked 
| 203|0x000000074cb00000, 0x000000074cb00000, 0x000000074cc00000|  0%| F|  |TAMS 0x000000074cb00000, 0x000000074cb00000| Untracked 
| 204|0x000000074cc00000, 0x000000074cc61678, 0x000000074cd00000| 38%| O|  |TAMS 0x000000074cc00000, 0x000000074cc61678| Untracked 
| 205|0x000000074cd00000, 0x000000074cd00000, 0x000000074ce00000|  0%| F|  |TAMS 0x000000074cd00000, 0x000000074cd00000| Untracked 
| 206|0x000000074ce00000, 0x000000074ce00000, 0x000000074cf00000|  0%| F|  |TAMS 0x000000074ce00000, 0x000000074ce00000| Untracked 
| 207|0x000000074cf00000, 0x000000074d000000, 0x000000074d000000|100%| O|  |TAMS 0x000000074cf00000, 0x000000074d000000| Untracked 
| 208|0x000000074d000000, 0x000000074d04bc80, 0x000000074d100000| 29%| O|  |TAMS 0x000000074d000000, 0x000000074d04bc80| Untracked 
| 209|0x000000074d100000, 0x000000074d100000, 0x000000074d200000|  0%| F|  |TAMS 0x000000074d100000, 0x000000074d100000| Untracked 
| 210|0x000000074d200000, 0x000000074d23a618, 0x000000074d300000| 22%| O|  |TAMS 0x000000074d200000, 0x000000074d23a618| Untracked 
| 211|0x000000074d300000, 0x000000074d300000, 0x000000074d400000|  0%| F|  |TAMS 0x000000074d300000, 0x000000074d300000| Untracked 
| 212|0x000000074d400000, 0x000000074d400000, 0x000000074d500000|  0%| F|  |TAMS 0x000000074d400000, 0x000000074d400000| Untracked 
| 213|0x000000074d500000, 0x000000074d500000, 0x000000074d600000|  0%| F|  |TAMS 0x000000074d500000, 0x000000074d500000| Untracked 
| 214|0x000000074d600000, 0x000000074d600000, 0x000000074d700000|  0%| F|  |TAMS 0x000000074d600000, 0x000000074d600000| Untracked 
| 215|0x000000074d700000, 0x000000074d700000, 0x000000074d800000|  0%| F|  |TAMS 0x000000074d700000, 0x000000074d700000| Untracked 
| 216|0x000000074d800000, 0x000000074d800000, 0x000000074d900000|  0%| F|  |TAMS 0x000000074d800000, 0x000000074d800000| Untracked 
| 217|0x000000074d900000, 0x000000074d900000, 0x000000074da00000|  0%| F|  |TAMS 0x000000074d900000, 0x000000074d900000| Untracked 
| 218|0x000000074da00000, 0x000000074da00000, 0x000000074db00000|  0%| F|  |TAMS 0x000000074da00000, 0x000000074da00000| Untracked 
| 219|0x000000074db00000, 0x000000074db00000, 0x000000074dc00000|  0%| F|  |TAMS 0x000000074db00000, 0x000000074db00000| Untracked 
| 220|0x000000074dc00000, 0x000000074dc00000, 0x000000074dd00000|  0%| F|  |TAMS 0x000000074dc00000, 0x000000074dc00000| Untracked 
| 221|0x000000074dd00000, 0x000000074dd00000, 0x000000074de00000|  0%| F|  |TAMS 0x000000074dd00000, 0x000000074dd00000| Untracked 
| 222|0x000000074de00000, 0x000000074de00000, 0x000000074df00000|  0%| F|  |TAMS 0x000000074de00000, 0x000000074de00000| Untracked 
| 223|0x000000074df00000, 0x000000074df00000, 0x000000074e000000|  0%| F|  |TAMS 0x000000074df00000, 0x000000074df00000| Untracked 
| 224|0x000000074e000000, 0x000000074e000000, 0x000000074e100000|  0%| F|  |TAMS 0x000000074e000000, 0x000000074e000000| Untracked 
| 225|0x000000074e100000, 0x000000074e100000, 0x000000074e200000|  0%| F|  |TAMS 0x000000074e100000, 0x000000074e100000| Untracked 
| 226|0x000000074e200000, 0x000000074e200000, 0x000000074e300000|  0%| F|  |TAMS 0x000000074e200000, 0x000000074e200000| Untracked 
| 227|0x000000074e300000, 0x000000074e300000, 0x000000074e400000|  0%| F|  |TAMS 0x000000074e300000, 0x000000074e300000| Untracked 
| 228|0x000000074e400000, 0x000000074e400000, 0x000000074e500000|  0%| F|  |TAMS 0x000000074e400000, 0x000000074e400000| Untracked 
| 229|0x000000074e500000, 0x000000074e500000, 0x000000074e600000|  0%| F|  |TAMS 0x000000074e500000, 0x000000074e500000| Untracked 
| 230|0x000000074e600000, 0x000000074e600000, 0x000000074e700000|  0%| F|  |TAMS 0x000000074e600000, 0x000000074e600000| Untracked 
| 231|0x000000074e700000, 0x000000074e708460, 0x000000074e800000|  3%| O|  |TAMS 0x000000074e700000, 0x000000074e708460| Untracked 
| 232|0x000000074e800000, 0x000000074e800000, 0x000000074e900000|  0%| F|  |TAMS 0x000000074e800000, 0x000000074e800000| Untracked 
| 233|0x000000074e900000, 0x000000074e900000, 0x000000074ea00000|  0%| F|  |TAMS 0x000000074e900000, 0x000000074e900000| Untracked 
| 234|0x000000074ea00000, 0x000000074ea00000, 0x000000074eb00000|  0%| F|  |TAMS 0x000000074ea00000, 0x000000074ea00000| Untracked 
| 235|0x000000074eb00000, 0x000000074eb00000, 0x000000074ec00000|  0%| F|  |TAMS 0x000000074eb00000, 0x000000074eb00000| Untracked 
| 236|0x000000074ec00000, 0x000000074ec00000, 0x000000074ed00000|  0%| F|  |TAMS 0x000000074ec00000, 0x000000074ec00000| Untracked 
| 237|0x000000074ed00000, 0x000000074ed00000, 0x000000074ee00000|  0%| F|  |TAMS 0x000000074ed00000, 0x000000074ed00000| Untracked 
| 238|0x000000074ee00000, 0x000000074ee00000, 0x000000074ef00000|  0%| F|  |TAMS 0x000000074ee00000, 0x000000074ee00000| Untracked 
| 239|0x000000074ef00000, 0x000000074ef72150, 0x000000074f000000| 44%| S|CS|TAMS 0x000000074ef00000, 0x000000074ef00000| Complete 
| 240|0x000000074f000000, 0x000000074f100000, 0x000000074f100000|100%| S|CS|TAMS 0x000000074f000000, 0x000000074f000000| Complete 
| 241|0x000000074f100000, 0x000000074f200000, 0x000000074f200000|100%| S|CS|TAMS 0x000000074f100000, 0x000000074f100000| Complete 
| 242|0x000000074f200000, 0x000000074f200000, 0x000000074f300000|  0%| F|  |TAMS 0x000000074f200000, 0x000000074f200000| Untracked 
| 243|0x000000074f300000, 0x000000074f300000, 0x000000074f400000|  0%| F|  |TAMS 0x000000074f300000, 0x000000074f300000| Untracked 
| 244|0x000000074f400000, 0x000000074f400000, 0x000000074f500000|  0%| F|  |TAMS 0x000000074f400000, 0x000000074f400000| Untracked 
| 245|0x000000074f500000, 0x000000074f500000, 0x000000074f600000|  0%| F|  |TAMS 0x000000074f500000, 0x000000074f500000| Untracked 
| 246|0x000000074f600000, 0x000000074f600000, 0x000000074f700000|  0%| F|  |TAMS 0x000000074f600000, 0x000000074f600000| Untracked 
| 247|0x000000074f700000, 0x000000074f700000, 0x000000074f800000|  0%| F|  |TAMS 0x000000074f700000, 0x000000074f700000| Untracked 
| 248|0x000000074f800000, 0x000000074f800000, 0x000000074f900000|  0%| F|  |TAMS 0x000000074f800000, 0x000000074f800000| Untracked 
| 249|0x000000074f900000, 0x000000074f900000, 0x000000074fa00000|  0%| F|  |TAMS 0x000000074f900000, 0x000000074f900000| Untracked 
| 250|0x000000074fa00000, 0x000000074fa00000, 0x000000074fb00000|  0%| F|  |TAMS 0x000000074fa00000, 0x000000074fa00000| Untracked 
| 251|0x000000074fb00000, 0x000000074fb00000, 0x000000074fc00000|  0%| F|  |TAMS 0x000000074fb00000, 0x000000074fb00000| Untracked 
| 252|0x000000074fc00000, 0x000000074fc00000, 0x000000074fd00000|  0%| F|  |TAMS 0x000000074fc00000, 0x000000074fc00000| Untracked 
| 253|0x000000074fd00000, 0x000000074fd00000, 0x000000074fe00000|  0%| F|  |TAMS 0x000000074fd00000, 0x000000074fd00000| Untracked 
| 254|0x000000074fe00000, 0x000000074fe00000, 0x000000074ff00000|  0%| F|  |TAMS 0x000000074fe00000, 0x000000074fe00000| Untracked 
| 255|0x000000074ff00000, 0x000000074ff00000, 0x0000000750000000|  0%| F|  |TAMS 0x000000074ff00000, 0x000000074ff00000| Untracked 

Card table byte_map: [0x000001a067f60000,0x000001a068560000] _byte_map_base: 0x000001a064560000

Marking Bits (Prev, Next): (CMBitMap*) 0x000001a02c419700, (CMBitMap*) 0x000001a02c4196c8
 Prev Bits: [0x000001a06bb60000, 0x000001a06eb60000)
 Next Bits: [0x000001a068b60000, 0x000001a06bb60000)

Polling page: 0x000001a000b80000

Metaspace:

Usage:
  Non-class:     95.83 MB capacity,    94.28 MB ( 98%) used,     1.17 MB (  1%) free+waste,   388.50 KB ( <1%) overhead. 
      Class:     15.41 MB capacity,    14.17 MB ( 92%) used,     1.06 MB (  7%) free+waste,   184.44 KB (  1%) overhead. 
       Both:    111.24 MB capacity,   108.44 MB ( 97%) used,     2.24 MB (  2%) free+waste,   572.94 KB ( <1%) overhead. 

Virtual space:
  Non-class space:      104.00 MB reserved,      95.84 MB ( 92%) committed 
      Class space:        1.00 GB reserved,      15.45 MB (  2%) committed 
             Both:        1.10 GB reserved,     111.29 MB ( 10%) committed 

Chunk freelists:
   Non-Class:  11.00 KB
       Class:  29.00 KB
        Both:  40.00 KB

MaxMetaspaceSize: 17179869184.00 GB
CompressedClassSpaceSize: 1.00 GB

CodeHeap 'non-profiled nmethods': size=120000Kb used=19018Kb max_used=19448Kb free=100981Kb
 bounds [0x000001a060430000, 0x000001a061730000, 0x000001a067960000]
CodeHeap 'profiled nmethods': size=120000Kb used=42454Kb max_used=44724Kb free=77545Kb
 bounds [0x000001a058f00000, 0x000001a05baf0000, 0x000001a060430000]
CodeHeap 'non-nmethods': size=5760Kb used=1848Kb max_used=1897Kb free=3911Kb
 bounds [0x000001a058960000, 0x000001a058bd0000, 0x000001a058f00000]
 total_blobs=19070 nmethods=17564 adapters=1412
 compilation: enabled
              stopped_count=0, restarted_count=0
 full_count=0

Compilation events (20 events):
Event: 241.348 Thread 0x000001a0259c1000 21690   !   3       com.jidesoft.editor.CodeEditor::updateBracketHighlight (71 bytes)
Event: 241.349 Thread 0x000001a0259c1000 nmethod 21690 0x000001a058f30990 code [0x000001a058f30c00, 0x000001a058f31738]
Event: 241.616 Thread 0x000001a0259c1000 21692       3       com.jidesoft.editor.TextUtils::getLineBreak (37 bytes)
Event: 241.617 Thread 0x000001a0259c1000 nmethod 21692 0x000001a058f0dc90 code [0x000001a058f0de40, 0x000001a058f0dfd8]
Event: 243.171 Thread 0x000001a0259c1000 21693       3       ui.project.r::iEb (54 bytes)
Event: 243.172 Thread 0x000001a0259c1000 nmethod 21693 0x000001a058f1c490 code [0x000001a058f1c660, 0x000001a058f1ca28]
Event: 243.195 Thread 0x000001a0259c1000 21694       3       java.io.PrintStream::ensureOpen (18 bytes)
Event: 243.196 Thread 0x000001a0259c1000 nmethod 21694 0x000001a058f1bf90 code [0x000001a058f1c160, 0x000001a058f1c348]
Event: 243.197 Thread 0x000001a0259c1000 21695       3       java.io.BufferedWriter::ensureOpen (18 bytes)
Event: 243.197 Thread 0x000001a0259c1000 nmethod 21695 0x000001a058f1e510 code [0x000001a058f1e6e0, 0x000001a058f1e8e8]
Event: 243.197 Thread 0x000001a0259c2000 21696       4       java.nio.CharBuffer::position (6 bytes)
Event: 243.198 Thread 0x000001a0259c1000 21698       3       java.io.IOException::<init> (6 bytes)
Event: 243.199 Thread 0x000001a0259c1000 nmethod 21698 0x000001a058f1e090 code [0x000001a058f1e260, 0x000001a058f1e3e8]
Event: 243.199 Thread 0x000001a0259c1000 21699   !   3       java.io.PrintStream::write (69 bytes)
Event: 243.199 Thread 0x000001a0259c2000 nmethod 21696 0x000001a060724510 code [0x000001a0607246a0, 0x000001a060724758]
Event: 243.199 Thread 0x000001a0259c2000 21697   !   4       java.nio.CharBuffer::wrap (20 bytes)
Event: 243.199 Thread 0x000001a0259c1000 nmethod 21699 0x000001a058f39190 code [0x000001a058f393c0, 0x000001a058f39b38]
Event: 243.199 Thread 0x000001a0259c1000 21700       3       sun.nio.cs.StreamEncoder::ensureOpen (18 bytes)
Event: 243.199 Thread 0x000001a0259c1000 nmethod 21700 0x000001a058f41490 code [0x000001a058f41660, 0x000001a058f41868]
Event: 243.201 Thread 0x000001a0259c1000 21702       3       sun.nio.cs.StreamEncoder::implWrite (137 bytes)

GC Heap History (20 events):
Event: 163.284 GC heap before
{Heap before GC invocations=79 (full 4):
 garbage-first heap   total 262144K, used 100165K [0x0000000740000000, 0x0000000800000000)
  region size 1024K, 6 young (6144K), 0 survivors (0K)
 Metaspace       used 110336K, capacity 113167K, committed 113448K, reserved 1146880K
  class space    used 14485K, capacity 15729K, committed 15820K, reserved 1048576K
}
Event: 163.386 GC heap after
{Heap after GC invocations=80 (full 5):
 garbage-first heap   total 262144K, used 91527K [0x0000000740000000, 0x0000000800000000)
  region size 1024K, 0 young (0K), 0 survivors (0K)
 Metaspace       used 110336K, capacity 113167K, committed 113448K, reserved 1146880K
  class space    used 14485K, capacity 15729K, committed 15820K, reserved 1048576K
}
Event: 181.536 GC heap before
{Heap before GC invocations=80 (full 5):
 garbage-first heap   total 262144K, used 118151K [0x0000000740000000, 0x0000000800000000)
  region size 1024K, 27 young (27648K), 0 survivors (0K)
 Metaspace       used 110413K, capacity 113295K, committed 113448K, reserved 1146880K
  class space    used 14485K, capacity 15729K, committed 15820K, reserved 1048576K
}
Event: 181.660 GC heap after
{Heap after GC invocations=81 (full 6):
 garbage-first heap   total 262144K, used 91956K [0x0000000740000000, 0x0000000800000000)
  region size 1024K, 0 young (0K), 0 survivors (0K)
 Metaspace       used 110413K, capacity 113295K, committed 113448K, reserved 1146880K
  class space    used 14485K, capacity 15729K, committed 15820K, reserved 1048576K
}
Event: 193.342 GC heap before
{Heap before GC invocations=81 (full 6):
 garbage-first heap   total 262144K, used 99124K [0x0000000740000000, 0x0000000800000000)
  region size 1024K, 8 young (8192K), 0 survivors (0K)
 Metaspace       used 110424K, capacity 113295K, committed 113448K, reserved 1146880K
  class space    used 14485K, capacity 15729K, committed 15820K, reserved 1048576K
}
Event: 193.471 GC heap after
{Heap after GC invocations=82 (full 7):
 garbage-first heap   total 262144K, used 91510K [0x0000000740000000, 0x0000000800000000)
  region size 1024K, 0 young (0K), 0 survivors (0K)
 Metaspace       used 110424K, capacity 113295K, committed 113448K, reserved 1146880K
  class space    used 14485K, capacity 15729K, committed 15820K, reserved 1048576K
}
Event: 204.621 GC heap before
{Heap before GC invocations=82 (full 7):
 garbage-first heap   total 262144K, used 151926K [0x0000000740000000, 0x0000000800000000)
  region size 1024K, 60 young (61440K), 0 survivors (0K)
 Metaspace       used 110490K, capacity 113375K, committed 113704K, reserved 1146880K
  class space    used 14488K, capacity 15734K, committed 15820K, reserved 1048576K
}
Event: 204.624 GC heap after
{Heap after GC invocations=83 (full 7):
 garbage-first heap   total 262144K, used 97150K [0x0000000740000000, 0x0000000800000000)
  region size 1024K, 6 young (6144K), 6 survivors (6144K)
 Metaspace       used 110490K, capacity 113375K, committed 113704K, reserved 1146880K
  class space    used 14488K, capacity 15734K, committed 15820K, reserved 1048576K
}
Event: 207.401 GC heap before
{Heap before GC invocations=83 (full 7):
 garbage-first heap   total 262144K, used 153470K [0x0000000740000000, 0x0000000800000000)
  region size 1024K, 60 young (61440K), 6 survivors (6144K)
 Metaspace       used 110663K, capacity 113504K, committed 113704K, reserved 1146880K
  class space    used 14488K, capacity 15734K, committed 15820K, reserved 1048576K
}
Event: 207.404 GC heap after
{Heap after GC invocations=84 (full 7):
 garbage-first heap   total 262144K, used 95933K [0x0000000740000000, 0x0000000800000000)
  region size 1024K, 2 young (2048K), 2 survivors (2048K)
 Metaspace       used 110663K, capacity 113504K, committed 113704K, reserved 1146880K
  class space    used 14488K, capacity 15734K, committed 15820K, reserved 1048576K
}
Event: 223.434 GC heap before
{Heap before GC invocations=84 (full 7):
 garbage-first heap   total 262144K, used 154301K [0x0000000740000000, 0x0000000800000000)
  region size 1024K, 59 young (60416K), 2 survivors (2048K)
 Metaspace       used 110759K, capacity 113636K, committed 113960K, reserved 1146880K
  class space    used 14488K, capacity 15734K, committed 15820K, reserved 1048576K
}
Event: 223.545 GC heap after
{Heap after GC invocations=85 (full 8):
 garbage-first heap   total 262144K, used 97243K [0x0000000740000000, 0x0000000800000000)
  region size 1024K, 0 young (0K), 0 survivors (0K)
 Metaspace       used 110759K, capacity 113636K, committed 113960K, reserved 1146880K
  class space    used 14488K, capacity 15734K, committed 15820K, reserved 1048576K
}
Event: 232.248 GC heap before
{Heap before GC invocations=85 (full 8):
 garbage-first heap   total 262144K, used 158683K [0x0000000740000000, 0x0000000800000000)
  region size 1024K, 60 young (61440K), 0 survivors (0K)
 Metaspace       used 110898K, capacity 113767K, committed 113960K, reserved 1146880K
  class space    used 14489K, capacity 15734K, committed 15820K, reserved 1048576K
}
Event: 232.251 GC heap after
{Heap after GC invocations=86 (full 8):
 garbage-first heap   total 262144K, used 99101K [0x0000000740000000, 0x0000000800000000)
  region size 1024K, 2 young (2048K), 2 survivors (2048K)
 Metaspace       used 110898K, capacity 113767K, committed 113960K, reserved 1146880K
  class space    used 14489K, capacity 15734K, committed 15820K, reserved 1048576K
}
Event: 234.548 GC heap before
{Heap before GC invocations=86 (full 8):
 garbage-first heap   total 262144K, used 159517K [0x0000000740000000, 0x0000000800000000)
  region size 1024K, 60 young (61440K), 2 survivors (2048K)
 Metaspace       used 110960K, capacity 113812K, committed 113960K, reserved 1146880K
  class space    used 14499K, capacity 15747K, committed 15820K, reserved 1048576K
}
Event: 234.551 GC heap after
{Heap after GC invocations=87 (full 8):
 garbage-first heap   total 262144K, used 101085K [0x0000000740000000, 0x0000000800000000)
  region size 1024K, 3 young (3072K), 3 survivors (3072K)
 Metaspace       used 110960K, capacity 113812K, committed 113960K, reserved 1146880K
  class space    used 14499K, capacity 15747K, committed 15820K, reserved 1048576K
}
Event: 237.838 GC heap before
{Heap before GC invocations=87 (full 8):
 garbage-first heap   total 262144K, used 159453K [0x0000000740000000, 0x0000000800000000)
  region size 1024K, 60 young (61440K), 3 survivors (3072K)
 Metaspace       used 111022K, capacity 113908K, committed 113960K, reserved 1146880K
  class space    used 14505K, capacity 15779K, committed 15820K, reserved 1048576K
}
Event: 237.840 GC heap after
{Heap after GC invocations=88 (full 8):
 garbage-first heap   total 262144K, used 100751K [0x0000000740000000, 0x0000000800000000)
  region size 1024K, 3 young (3072K), 3 survivors (3072K)
 Metaspace       used 111022K, capacity 113908K, committed 113960K, reserved 1146880K
  class space    used 14505K, capacity 15779K, committed 15820K, reserved 1048576K
}
Event: 243.201 GC heap before
{Heap before GC invocations=88 (full 8):
 garbage-first heap   total 262144K, used 114063K [0x0000000740000000, 0x0000000800000000)
  region size 1024K, 17 young (17408K), 3 survivors (3072K)
 Metaspace       used 111045K, capacity 113908K, committed 113960K, reserved 1153024K
  class space    used 14506K, capacity 15779K, committed 15820K, reserved 1048576K
}
Event: 243.205 GC heap after
{Heap after GC invocations=89 (full 8):
 garbage-first heap   total 262144K, used 100772K [0x0000000740000000, 0x0000000800000000)
  region size 1024K, 3 young (3072K), 3 survivors (3072K)
 Metaspace       used 111045K, capacity 113908K, committed 113960K, reserved 1153024K
  class space    used 14506K, capacity 15779K, committed 15820K, reserved 1048576K
}

Deoptimization events (20 events):
Event: 232.366 Thread 0x000001a0310de800 DEOPT PACKING pc=0x000001a05998cb3c sp=0x0000005d46cfc490
Event: 232.367 Thread 0x000001a0310de800 DEOPT UNPACKING pc=0x000001a05898705e sp=0x0000005d46cfb940 mode 0
Event: 232.373 Thread 0x000001a0310de800 DEOPT PACKING pc=0x000001a05936c31e sp=0x0000005d46cfc470
Event: 232.373 Thread 0x000001a0310de800 DEOPT UNPACKING pc=0x000001a05898705e sp=0x0000005d46cfb958 mode 0
Event: 234.278 Thread 0x000001a0310de800 Uncommon trap: trap_request=0xffffff4d fr.pc=0x000001a06161c698 relative=0x0000000000000078
Event: 234.278 Thread 0x000001a0310de800 Uncommon trap: reason=unstable_if action=reinterpret pc=0x000001a06161c698 method=ui.frmwork.a.q.ec(J)Lui/frmwork/a/m; @ 41 c2
Event: 234.278 Thread 0x000001a0310de800 DEOPT PACKING pc=0x000001a06161c698 sp=0x0000005d46cfdaa0
Event: 234.278 Thread 0x000001a0310de800 DEOPT UNPACKING pc=0x000001a0589868af sp=0x0000005d46cfda30 mode 2
Event: 235.962 Thread 0x000001a0310e6000 Uncommon trap: trap_request=0xffffffde fr.pc=0x000001a060f6d5c4 relative=0x0000000000001524
Event: 235.962 Thread 0x000001a0310e6000 Uncommon trap: reason=class_check action=maybe_recompile pc=0x000001a060f6d5c4 method=sun.awt.image.ImageDecoder.imageComplete(IZ)I @ 45 c2
Event: 235.962 Thread 0x000001a0310e6000 DEOPT PACKING pc=0x000001a060f6d5c4 sp=0x0000005d4c4fec30
Event: 235.962 Thread 0x000001a0310e6000 DEOPT UNPACKING pc=0x000001a0589868af sp=0x0000005d4c4feb98 mode 2
Event: 236.676 Thread 0x000001a00a241000 Uncommon trap: trap_request=0xffffff4d fr.pc=0x000001a06156de18 relative=0x00000000000000d8
Event: 236.676 Thread 0x000001a00a241000 Uncommon trap: reason=unstable_if action=reinterpret pc=0x000001a06156de18 method=java.util.concurrent.locks.AbstractQueuedSynchronizer.unparkSuccessor(Ljava/util/concurrent/locks/AbstractQueuedSynchronizer$Node;)V @ 22 c2
Event: 236.676 Thread 0x000001a00a241000 DEOPT PACKING pc=0x000001a06156de18 sp=0x0000005d3a4f17b0
Event: 236.676 Thread 0x000001a00a241000 DEOPT UNPACKING pc=0x000001a0589868af sp=0x0000005d3a4f1738 mode 2
Event: 238.176 Thread 0x000001a00a241000 Uncommon trap: trap_request=0xffffff7e fr.pc=0x000001a0617070a4 relative=0x00000000000054e4
Event: 238.176 Thread 0x000001a00a241000 Uncommon trap: reason=predicate action=maybe_recompile pc=0x000001a0617070a4 method=ui.views.o.L.a(Lui/views/o/a/j;Lui/data/design/Z;Ljava/lang/String;Z)V @ 31 c2
Event: 238.176 Thread 0x000001a00a241000 DEOPT PACKING pc=0x000001a0617070a4 sp=0x0000005d3a4ef5f0
Event: 238.176 Thread 0x000001a00a241000 DEOPT UNPACKING pc=0x000001a0589868af sp=0x0000005d3a4ef5f8 mode 2

Classes redefined (0 events):
No events

Internal exceptions (20 events):
Event: 243.200 Thread 0x000001a00a241000 Exception <a 'java/io/IOException'{0x000000074f21b110}> (0x000000074f21b110) thrown at [./src/hotspot/share/prims/jni.cpp, line 615]
Event: 243.200 Thread 0x000001a00a241000 Exception <a 'java/io/IOException'{0x000000074f21bef0}> (0x000000074f21bef0) thrown at [./src/hotspot/share/prims/jni.cpp, line 615]
Event: 243.200 Thread 0x000001a00a241000 Exception <a 'java/io/IOException'{0x000000074f21d0d0}> (0x000000074f21d0d0) thrown at [./src/hotspot/share/prims/jni.cpp, line 615]
Event: 243.200 Thread 0x000001a00a241000 Exception <a 'java/io/IOException'{0x000000074f21deb0}> (0x000000074f21deb0) thrown at [./src/hotspot/share/prims/jni.cpp, line 615]
Event: 243.200 Thread 0x000001a00a241000 Exception <a 'java/io/IOException'{0x000000074f21f008}> (0x000000074f21f008) thrown at [./src/hotspot/share/prims/jni.cpp, line 615]
Event: 243.200 Thread 0x000001a00a241000 Exception <a 'java/io/IOException'{0x000000074f21fde8}> (0x000000074f21fde8) thrown at [./src/hotspot/share/prims/jni.cpp, line 615]
Event: 243.201 Thread 0x000001a00a241000 Exception <a 'java/io/IOException'{0x000000074f2210f8}> (0x000000074f2210f8) thrown at [./src/hotspot/share/prims/jni.cpp, line 615]
Event: 243.201 Thread 0x000001a00a241000 Exception <a 'java/io/IOException'{0x000000074f221ed8}> (0x000000074f221ed8) thrown at [./src/hotspot/share/prims/jni.cpp, line 615]
Event: 243.201 Thread 0x000001a00a241000 Exception <a 'java/io/IOException'{0x000000074f2230c8}> (0x000000074f2230c8) thrown at [./src/hotspot/share/prims/jni.cpp, line 615]
Event: 243.201 Thread 0x000001a00a241000 Exception <a 'java/io/IOException'{0x000000074f223ea8}> (0x000000074f223ea8) thrown at [./src/hotspot/share/prims/jni.cpp, line 615]
Event: 243.201 Thread 0x000001a00a241000 Exception <a 'java/io/IOException'{0x000000074f224ee8}> (0x000000074f224ee8) thrown at [./src/hotspot/share/prims/jni.cpp, line 615]
Event: 243.201 Thread 0x000001a00a241000 Exception <a 'java/io/IOException'{0x000000074f225cc8}> (0x000000074f225cc8) thrown at [./src/hotspot/share/prims/jni.cpp, line 615]
Event: 243.201 Thread 0x000001a00a241000 Exception <a 'java/io/IOException'{0x000000074f227008}> (0x000000074f227008) thrown at [./src/hotspot/share/prims/jni.cpp, line 615]
Event: 243.201 Thread 0x000001a00a241000 Exception <a 'java/io/IOException'{0x000000074f227de8}> (0x000000074f227de8) thrown at [./src/hotspot/share/prims/jni.cpp, line 615]
Event: 243.201 Thread 0x000001a00a241000 Exception <a 'java/io/IOException'{0x000000074f229118}> (0x000000074f229118) thrown at [./src/hotspot/share/prims/jni.cpp, line 615]
Event: 243.201 Thread 0x000001a00a241000 Exception <a 'java/io/IOException'{0x000000074f229ef8}> (0x000000074f229ef8) thrown at [./src/hotspot/share/prims/jni.cpp, line 615]
Event: 243.201 Thread 0x000001a00a241000 Exception <a 'java/io/IOException'{0x000000074f22b228}> (0x000000074f22b228) thrown at [./src/hotspot/share/prims/jni.cpp, line 615]
Event: 243.201 Thread 0x000001a00a241000 Exception <a 'java/io/IOException'{0x000000074f22c008}> (0x000000074f22c008) thrown at [./src/hotspot/share/prims/jni.cpp, line 615]
Event: 243.201 Thread 0x000001a00a241000 Exception <a 'java/io/IOException'{0x000000074f22d258}> (0x000000074f22d258) thrown at [./src/hotspot/share/prims/jni.cpp, line 615]
Event: 243.201 Thread 0x000001a00a241000 Exception <a 'java/io/IOException'{0x000000074f22e038}> (0x000000074f22e038) thrown at [./src/hotspot/share/prims/jni.cpp, line 615]

Events (20 events):
Event: 237.166 Thread 0x000001a01c676800 Thread added: 0x000001a01c676800
Event: 237.173 Thread 0x000001a01c676800 Thread exited: 0x000001a01c676800
Event: 237.838 Executing VM operation: G1CollectForAllocation
Event: 237.840 Executing VM operation: G1CollectForAllocation done
Event: 238.192 Thread 0x000001a01c678000 Thread added: 0x000001a01c678000
Event: 238.218 Thread 0x000001a01c678000 Thread exited: 0x000001a01c678000
Event: 239.170 Thread 0x000001a01c678000 Thread added: 0x000001a01c678000
Event: 239.209 Thread 0x000001a01c678000 Thread exited: 0x000001a01c678000
Event: 240.198 Thread 0x000001a01c678000 Thread added: 0x000001a01c678000
Event: 240.217 Thread 0x000001a01c678000 Thread exited: 0x000001a01c678000
Event: 240.970 Thread 0x000001a0310e6000 Thread exited: 0x000001a0310e6000
Event: 241.170 Thread 0x000001a01c678000 Thread added: 0x000001a01c678000
Event: 241.184 Thread 0x000001a01c678000 Thread exited: 0x000001a01c678000
Event: 242.170 Thread 0x000001a01c678000 Thread added: 0x000001a01c678000
Event: 242.283 Thread 0x000001a01c678000 Thread exited: 0x000001a01c678000
Event: 243.191 loading class java/io/InterruptedIOException
Event: 243.192 loading class java/io/InterruptedIOException done
Event: 243.192 loading class java/lang/Throwable$WrappedPrintStream
Event: 243.192 loading class java/lang/Throwable$WrappedPrintStream done
Event: 243.201 Executing VM operation: CollectForMetadataAllocation


Dynamic libraries:
0x00007ff752dc0000 - 0x00007ff752df1000 	D:\Vivado\2021.2\bin\unwrapped\win64.o\vivado.exe
0x00007ff8b87e0000 - 0x00007ff8b8a47000 	C:\WINDOWS\SYSTEM32\ntdll.dll
0x00007ff8b71a0000 - 0x00007ff8b7269000 	C:\WINDOWS\System32\KERNEL32.DLL
0x00007ff8b5380000 - 0x00007ff8b5777000 	C:\WINDOWS\System32\KERNELBASE.dll
0x00007ff8b5780000 - 0x00007ff8b58cb000 	C:\WINDOWS\System32\ucrtbase.dll
0x00007ff8a63f0000 - 0x00007ff8a6409000 	C:\WINDOWS\SYSTEM32\VCRUNTIME140.dll
0x00007ff8a6350000 - 0x00007ff8a63e1000 	C:\WINDOWS\SYSTEM32\MSVCP140.dll
0x00007ff8b2980000 - 0x00007ff8b2998000 	D:\Vivado\2021.2\lib\win64.o\librdi_commonmain.dll
0x00007ff8a6410000 - 0x00007ff8a641c000 	C:\WINDOWS\SYSTEM32\VCRUNTIME140_1.dll
0x00007fff8f600000 - 0x00007fff908ca000 	D:\Vivado\2021.2\lib\win64.o\librdi_common.dll
0x00007ff8b8510000 - 0x00007ff8b86d6000 	C:\WINDOWS\System32\USER32.dll
0x00007ff890bb0000 - 0x00007ff890bd1000 	D:\Vivado\2021.2\lib\win64.o\libboost_filesystem.dll
0x00007ff8b2970000 - 0x00007ff8b2979000 	D:\Vivado\2021.2\lib\win64.o\librdi_commonversion.dll
0x00007ff8b6530000 - 0x00007ff8b6557000 	C:\WINDOWS\System32\win32u.dll
0x00007ff8b86e0000 - 0x00007ff8b8796000 	C:\WINDOWS\System32\ADVAPI32.dll
0x00007ff890650000 - 0x00007ff8907f0000 	D:\Vivado\2021.2\lib\win64.o\librdi_commonxillic.dll
0x00007ff8b7270000 - 0x00007ff8b729b000 	C:\WINDOWS\System32\GDI32.dll
0x00007ff8b83d0000 - 0x00007ff8b8479000 	C:\WINDOWS\System32\msvcrt.dll
0x00007ff8b6560000 - 0x00007ff8b65e0000 	C:\WINDOWS\System32\WS2_32.dll
0x00007ff8b6400000 - 0x00007ff8b652c000 	C:\WINDOWS\System32\gdi32full.dll
0x00007ff8b6f00000 - 0x00007ff8b7018000 	C:\WINDOWS\System32\RPCRT4.dll
0x00007ff8b6780000 - 0x00007ff8b6827000 	C:\WINDOWS\System32\sechost.dll
0x00000000698c0000 - 0x00000000699eb000 	D:\Vivado\2021.2\lib\win64.o\tcl85t.dll
0x00007ff8b5210000 - 0x00007ff8b52b3000 	C:\WINDOWS\System32\msvcp_win.dll
0x00007ff8b72a0000 - 0x00007ff8b7a0e000 	C:\WINDOWS\System32\SHELL32.dll
0x00007ff890b20000 - 0x00007ff890b31000 	D:\Vivado\2021.2\lib\win64.o\libboost_date_time.dll
0x00007fff8e990000 - 0x00007fff8ecfe000 	D:\Vivado\2021.2\lib\win64.o\libCOIN-all.dll
0x00007ff868420000 - 0x00007ff868534000 	D:\Vivado\2021.2\lib\win64.o\libboost_regex.dll
0x00007ff899d80000 - 0x00007ff899d8c000 	D:\Vivado\2021.2\lib\win64.o\libboost_xilinx.dll
0x00007ff86d0e0000 - 0x00007ff86d159000 	D:\Vivado\2021.2\lib\win64.o\libboost_program_options.dll
0x00007ff890b00000 - 0x00007ff890b1c000 	D:\Vivado\2021.2\lib\win64.o\libboost_thread.dll
0x00007fffc9260000 - 0x00007fffc92e2000 	D:\Vivado\2021.2\lib\win64.o\libhdlpsolve.dll
0x00007ff86bdc0000 - 0x00007ff86be65000 	D:\Vivado\2021.2\lib\win64.o\libhdxml.dll
0x00007ff890ad0000 - 0x00007ff890afa000 	D:\Vivado\2021.2\lib\win64.o\libisl_sysinfo.dll
0x00007fff8d9e0000 - 0x00007fff8e98f800 	D:\Vivado\2021.2\lib\win64.o\libisl_iostreams.dll
0x00007fffc9310000 - 0x00007fffc932a000 	D:\Vivado\2021.2\lib\win64.o\pthreadVC2.dll
0x00007ff86c560000 - 0x00007ff86c5c5000 	D:\Vivado\2021.2\lib\win64.o\liblmx6.0.dll
0x00007fffc92f0000 - 0x00007fffc930c000 	D:\Vivado\2021.2\lib\win64.o\librdiconfig.dll
0x00007fffc9230000 - 0x00007fffc9251000 	D:\Vivado\2021.2\lib\win64.o\librdizlib.dll
0x00007ff8b8200000 - 0x00007ff8b8266000 	C:\WINDOWS\System32\SHLWAPI.dll
0x00007fffc8f60000 - 0x00007fffc9221000 	D:\Vivado\2021.2\lib\win64.o\xerces-c_3_2.dll
0x00007ff8b58d0000 - 0x00007ff8b613c000 	C:\WINDOWS\System32\Windows.Storage.dll
0x00007ff8b7e00000 - 0x00007ff8b8183000 	C:\WINDOWS\System32\combase.dll
0x00007fffc6c90000 - 0x00007fffc6fa6000 	D:\Vivado\2021.2\lib\win64.o\libXil_lmgr11.dll
0x00007ff8b7a20000 - 0x00007ff8b7b10000 	C:\WINDOWS\System32\COMDLG32.dll
0x00007ff8b6680000 - 0x00007ff8b6776000 	C:\WINDOWS\System32\shcore.dll
0x00007ff8b5100000 - 0x00007ff8b512a000 	C:\WINDOWS\SYSTEM32\bcrypt.dll
0x00007ff8b7020000 - 0x00007ff8b70f9000 	C:\WINDOWS\System32\OLEAUT32.dll
0x00007ff8b6cf0000 - 0x00007ff8b6e87000 	C:\WINDOWS\System32\ole32.dll
0x00007ff89df30000 - 0x00007ff89df4a000 	C:\WINDOWS\SYSTEM32\NETAPI32.dll
0x00007ff8a41b0000 - 0x00007ff8a4445000 	C:\WINDOWS\SYSTEM32\WININET.dll
0x00007ff8b61f0000 - 0x00007ff8b6272000 	C:\WINDOWS\System32\WINTRUST.dll
0x00007ff8af0e0000 - 0x00007ff8af209000 	C:\WINDOWS\SYSTEM32\WINHTTP.dll
0x00007ff8b6280000 - 0x00007ff8b63f8000 	C:\WINDOWS\System32\CRYPT32.dll
0x00007ff8a0220000 - 0x00007ff8a03fd000 	C:\WINDOWS\SYSTEM32\urlmon.dll
0x00007ff849910000 - 0x00007ff84991a000 	C:\WINDOWS\SYSTEM32\WSOCK32.dll
0x00007fffc8f20000 - 0x00007fffc8f52000 	C:\WINDOWS\SYSTEM32\VCOMP140.DLL
0x00007fffc7000000 - 0x00007fffc8f17000 	D:\Vivado\2021.2\lib\win64.o\gurobi90.dll
0x00007ff8b65f0000 - 0x00007ff8b6662000 	C:\WINDOWS\System32\WLDAP32.dll
0x00007ff8b8190000 - 0x00007ff8b8198000 	C:\WINDOWS\System32\Normaliz.dll
0x00007ff880a60000 - 0x00007ff880a78000 	D:\Vivado\2021.2\lib\win64.o\libboost_iostreams.dll
0x00007ff890620000 - 0x00007ff890644000 	D:\Vivado\2021.2\lib\win64.o\libisl_iosutils.dll
0x00007ff8a2020000 - 0x00007ff8a20d5000 	C:\WINDOWS\WinSxS\amd64_microsoft.windows.common-controls_6595b64144ccf1df_5.82.26100.8328_none_87eede957a2ccddd\COMCTL32.dll
0x00007ff8af030000 - 0x00007ff8af055000 	C:\WINDOWS\SYSTEM32\dhcpcsvc.DLL
0x00007ff8b45c0000 - 0x00007ff8b45f3000 	C:\WINDOWS\SYSTEM32\USERENV.dll
0x00007ff89df60000 - 0x00007ff89e224000 	C:\WINDOWS\SYSTEM32\iertutil.dll
0x00007ff89dec0000 - 0x00007ff89dee9000 	C:\WINDOWS\SYSTEM32\srvcli.dll
0x00007ff8b39a0000 - 0x00007ff8b39ad000 	C:\WINDOWS\SYSTEM32\netutils.dll
0x00007ff8b4510000 - 0x00007ff8b457c000 	C:\WINDOWS\SYSTEM32\MSWSOCK.DLL
0x00007ff8b7dc0000 - 0x00007ff8b7df2000 	C:\WINDOWS\System32\IMM32.DLL
0x00007ff8b4920000 - 0x00007ff8b4933000 	C:\WINDOWS\SYSTEM32\MSASN1.dll
0x00007ff8b3fa0000 - 0x00007ff8b3fbb000 	C:\WINDOWS\SYSTEM32\kernel.appcore.dll
0x00007fff8d4a0000 - 0x00007fff8d9d3000 	D:\Vivado\2021.2\lib\win64.o\librdi_commontasks.dll
0x00007ff8af060000 - 0x00007ff8af06b000 	C:\WINDOWS\SYSTEM32\VERSION.dll
0x00007fffde4c0000 - 0x00007fffdf00d000 	D:\Vivado\2021.2\tps\win64\jre11.0.11_9\bin\server\jvm.dll
0x00007fff8f2d0000 - 0x00007fff8f5f5a00 	D:\Vivado\2021.2\lib\win64.o\librdi_sio.dll
0x00007ff8b39b0000 - 0x00007ff8b39e2000 	C:\WINDOWS\SYSTEM32\IPHLPAPI.DLL
0x00007ff8b7190000 - 0x00007ff8b7198000 	C:\WINDOWS\System32\PSAPI.DLL
0x00007ff8a7e10000 - 0x00007ff8a7e46000 	C:\WINDOWS\SYSTEM32\WINMM.dll
0x00007ff87b750000 - 0x00007ff87b768000 	C:\WINDOWS\system32\napinsp.dll
0x00007ff8b3a40000 - 0x00007ff8b3b72000 	C:\WINDOWS\SYSTEM32\DNSAPI.dll
0x00007ff8b6670000 - 0x00007ff8b667a000 	C:\WINDOWS\System32\NSI.dll
0x00007ff87b770000 - 0x00007ff87b783000 	C:\WINDOWS\System32\winrnr.dll
0x00007ff86d360000 - 0x00007ff86d382000 	C:\WINDOWS\system32\nlansp_c.dll
0x00007ff884ae0000 - 0x00007ff884af6000 	C:\WINDOWS\system32\wshbth.dll
0x00007fff89f90000 - 0x00007fff8cb9c000 	D:\Vivado\2021.2\lib\win64.o\librdi_tcltasks.dll
0x00007ff845cf0000 - 0x00007ff845ead000 	D:\Vivado\2021.2\lib\win64.o\librdi_board.dll
0x00007ff86bd70000 - 0x00007ff86bdb4000 	D:\Vivado\2021.2\lib\win64.o\libboost_serialization.dll
0x00007fff8cfd0000 - 0x00007fff8d498000 	D:\Vivado\2021.2\lib\win64.o\librdi_bitstream.dll
0x00007ff86b680000 - 0x00007ff86b700000 	D:\Vivado\2021.2\lib\win64.o\librdi_boarddep.dll
0x00007ff800c60000 - 0x00007ff800d87000 	D:\Vivado\2021.2\lib\win64.o\librdi_chipscope.dll
0x00007ff8005a0000 - 0x00007ff800797000 	D:\Vivado\2021.2\lib\win64.o\librdi_chipscopeimpl.dll
0x00007fff88020000 - 0x00007fff89f86000 	D:\Vivado\2021.2\lib\win64.o\librdi_constraints.dll
0x00007fff9d9e0000 - 0x00007fff9db42000 	D:\Vivado\2021.2\lib\win64.o\librdi_containers.dll
0x00007fff85400000 - 0x00007fff85b20000 	D:\Vivado\2021.2\lib\win64.o\librdi_coregenipxact.dll
0x00007fff85b20000 - 0x00007fff88012000 	D:\Vivado\2021.2\lib\win64.o\librdi_coregen.dll
0x00007fff63a70000 - 0x00007fff63dd8000 	D:\Vivado\2021.2\lib\win64.o\librdi_dlyest.dll
0x00007fff834b0000 - 0x00007fff853f8000 	D:\Vivado\2021.2\lib\win64.o\librdi_designutils.dll
0x00007ff868310000 - 0x00007ff8683c5000 	D:\Vivado\2021.2\lib\win64.o\librdi_dsp.dll
0x00007fff633d0000 - 0x00007fff63a6e000 	D:\Vivado\2021.2\lib\win64.o\librdi_drc.dll
0x00007fff62d50000 - 0x00007fff633ce000 	D:\Vivado\2021.2\lib\win64.o\librdi_filemgmt.dll
0x00007fff62a20000 - 0x00007fff62d44000 	D:\Vivado\2021.2\lib\win64.o\librdi_guitools.dll
0x00007ff86b610000 - 0x00007ff86b679000 	D:\Vivado\2021.2\lib\win64.o\librdi_hdf.dll
0x00007fff8cd20000 - 0x00007fff8cfcf000 	D:\Vivado\2021.2\lib\win64.o\librdi_hip_devdesign.dll
0x00007ffff7d10000 - 0x00007ffff7e57000 	D:\Vivado\2021.2\lib\win64.o\librdi_hip_perf_analysis.dll
0x00007ff835720000 - 0x00007ff835836000 	D:\Vivado\2021.2\lib\win64.o\librdi_ipconfig_readwrite.dll
0x00007fff61cb0000 - 0x00007fff62a1b000 	D:\Vivado\2021.2\lib\win64.o\librdi_implflow.dll
0x00007ff84ad60000 - 0x00007ff84add3000 	D:\Vivado\2021.2\lib\win64.o\librdi_memoryarray.dll
0x00007fff60f60000 - 0x00007fff615b0000 	D:\Vivado\2021.2\lib\win64.o\librdi_memdata.dll
0x00007fff615b0000 - 0x00007fff61ca4000 	D:\Vivado\2021.2\lib\win64.o\librdi_lopt.dll
0x00007ff8459b0000 - 0x00007ff845a23000 	D:\Vivado\2021.2\lib\win64.o\librdi_noc_frameworks.dll
0x00007fff5e310000 - 0x00007fff5ea4b000 	D:\Vivado\2021.2\lib\win64.o\librdi_netlist.dll
0x00007ff846440000 - 0x00007ff846497000 	D:\Vivado\2021.2\lib\win64.o\librdi_pfi.dll
0x00007fff5b130000 - 0x00007fff5b520000 	D:\Vivado\2021.2\lib\win64.o\librdi_platform.dll
0x00007fff63de0000 - 0x00007fff834a2000 	D:\Vivado\2021.2\lib\win64.o\librdi_device.dll
0x00007fff5a870000 - 0x00007fff5b129000 	D:\Vivado\2021.2\lib\win64.o\librdi_power.dll
0x00007fff5a180000 - 0x00007fff5a863000 	D:\Vivado\2021.2\lib\win64.o\librdi_project.dll
0x00007fff59a50000 - 0x00007fff5a17c000 	D:\Vivado\2021.2\lib\win64.o\librdi_psta.dll
0x00007fff5b520000 - 0x00007fff5e302000 	D:\Vivado\2021.2\lib\win64.o\librdi_place.dll
0x00007fff59190000 - 0x00007fff59a4e000 	D:\Vivado\2021.2\lib\win64.o\librdi_rsb.dll
0x00007fff58c50000 - 0x00007fff5918f000 	D:\Vivado\2021.2\lib\win64.o\librdi_runs.dll
0x00007fff58b30000 - 0x00007fff58c47000 	D:\Vivado\2021.2\lib\win64.o\librdi_runsbase.dll
0x00007fff577f0000 - 0x00007fff57a6b000 	D:\Vivado\2021.2\lib\win64.o\librdi_simdata.dll
0x00007fff576d0000 - 0x00007fff577e4000 	D:\Vivado\2021.2\lib\win64.o\librdi_xhub.dll
0x00007ff8004f0000 - 0x00007ff800597000 	D:\Vivado\2021.2\lib\win64.o\librdi_xhubtasks.dll
0x00007fff57a70000 - 0x00007fff58b2a000 	D:\Vivado\2021.2\lib\win64.o\librdi_timing.dll
0x00007fff56a50000 - 0x00007fff576cf000 	D:\Vivado\2021.2\lib\win64.o\librdi_cdoutil.dll
0x00007fff56860000 - 0x00007fff56a46000 	D:\Vivado\2021.2\lib\win64.o\librdi_advchipscopeimpl.dll

dbghelp: loaded successfully - version: 4.0.5 - missing functions: none
symbol engine: initialized successfully - sym options: 0x614 - pdb path: .;D:\Vivado\2021.2\bin\unwrapped\win64.o;C:\WINDOWS\SYSTEM32;D:\Vivado\2021.2\lib\win64.o;C:\WINDOWS\WinSxS\amd64_microsoft.windows.common-controls_6595b64144ccf1df_5.82.26100.8328_none_87eede957a2ccddd;D:\Vivado\2021.2\tps\win64\jre11.0.11_9\bin\server;D:\Vivado\2021.2\tps\win64\python-3.8.3;D:\Vivado\2021.2\tps\win64\jre11.0.11_9\bin;C:\WINDOWS\WinSxS\amd64_microsoft.windows.common-controls_6595b64144ccf1df_6.0.26100.8457_none_3e0b2faee331e92d;D:\Vivado\2021.2\tps\win64\javafx-sdk-11.0.2\bin;C:\WINDOWS\System32\DriverStore\FileRepository\iigd_dch.inf_amd64_e954d50b7a16be56

VM Arguments:
jvm_args: -Dsun.java2d.pmoffscreen=false -Dhttps.protocols=TLSv1,TLSv1.1,TLSv1.2 -Dsun.java2d.xrender=false -Dsun.java2d.d3d=false -Dsun.awt.nopixfmt=true -Dsun.java2d.dpiaware=true -Dsun.java2d.uiScale.enabled=false -Xverify:none -Dswing.aatext=true -XX:-UsePerfData -Djdk.map.althashing.threshold=512 -XX:StringTableSize=4072 --add-opens=java.base/java.nio=ALL-UNNAMED --add-opens=java.desktop/sun.swing=ALL-UNNAMED --add-opens=java.desktop/javax.swing=ALL-UNNAMED --add-opens=java.desktop/javax.swing.tree=ALL-UNNAMED --add-opens=java.desktop/javax.swing.plaf.basic=ALL-UNNAMED --add-opens=java.desktop/javax.swing.plaf.synth=ALL-UNNAMED --add-opens=java.desktop/com.sun.awt=ALL-UNNAMED -XX:NewSize=60m -XX:MaxNewSize=60m -Xms256m -Xmx3072m -Xss5m 
java_command: <unknown>
java_class_path (initial): D:/Vivado/2021.2\lib\classes\alloy.jar;D:/Vivado/2021.2\lib\classes\autoesl-models.jar;D:/Vivado/2021.2\lib\classes\batik-anim.jar;D:/Vivado/2021.2\lib\classes\batik-awt-util.jar;D:/Vivado/2021.2\lib\classes\batik-bridge.jar;D:/Vivado/2021.2\lib\classes\batik-codec.jar;D:/Vivado/2021.2\lib\classes\batik-css.jar;D:/Vivado/2021.2\lib\classes\batik-dom.jar;D:/Vivado/2021.2\lib\classes\batik-ext.jar;D:/Vivado/2021.2\lib\classes\batik-gui-util.jar;D:/Vivado/2021.2\lib\classes\batik-gvt.jar;D:/Vivado/2021.2\lib\classes\batik-parser.jar;D:/Vivado/2021.2\lib\classes\batik-script.jar;D:/Vivado/2021.2\lib\classes\batik-svg-dom.jar;D:/Vivado/2021.2\lib\classes\batik-svggen.jar;D:/Vivado/2021.2\lib\classes\batik-swing.jar;D:/Vivado/2021.2\lib\classes\batik-transcoder.jar;D:/Vivado/2021.2\lib\classes\batik-util.jar;D:/Vivado/2021.2\lib\classes\batik-xml.jar;D:/Vivado/2021.2\lib\classes\com.google.gson_2.8.2.v20180104-1110.jar;D:/Vivado/2021.2\lib\classes\com.google.guava_27.1.0.v20190517-1946.jar;D:/Vivado/2021.2\lib\classes\com.sigasi.hdt.connection_4.11.0.202105170810.jar;D:/Vivado/2021.2\lib\classes\com.sigasi.hdt.epl_4.11.0.202105170810.jar;D:/Vivado/2021.2\lib\classes\com.sigasi.hdt.project_4.11.0.202105170810.jar;D:/Vivado/2021.2\lib\classes\com.sigasi.hdt.readonlyfilesystem_4.11.0.202105170810.jar;D:/Vivado/2021.2\lib\classes\com.sigasi.hdt.shared_4.11.0.202105170810.jar;D:/Vivado/2021.2\lib\classes\com.sigasi.lcm_4.11.0.202105170810.jar;D:/Vivado/2021.2\lib\classes\com.sigasi.sdk.client_4.11.0.202105170810.jar;D:/Vivado/2021.2\lib\classes\commons-collections4-4.1.jar;D:/Vivado/2021.2\lib\classes\commons-io-2.6.jar;D:/Vivado/2021.2\lib\classes\commons-math-2.2.jar;D:/Vivado/2021.2\lib\classes\Dispatch.jar;D:/Vivado/2021.2\lib\classes\DispatchClient.jar;D:/Vivado/2021.2\lib\classes\DispatchClientEx.jar;D:/Vivado/2021.2\lib\classes\dom4j-1.6.1.jar;D:/Vivado/2021.2\lib\classes\FrankFrameworks.jar;D:/Vivado/2021.2\lib\classes\FrankFrameworksTest.j
Launcher Type: generic

[Global flags]
     bool BytecodeVerificationLocal                = false                                     {product} {command line}
     bool BytecodeVerificationRemote               = false                                     {product} {command line}
     intx CICompilerCount                          = 4                                         {product} {ergonomic}
     uint ConcGCThreads                            = 3                                         {product} {ergonomic}
     uint G1ConcRefinementThreads                  = 10                                        {product} {ergonomic}
   size_t G1HeapRegionSize                         = 1048576                                   {product} {ergonomic}
    uintx GCDrainStackTargetSize                   = 64                                        {product} {ergonomic}
   size_t InitialHeapSize                          = 268435456                                 {product} {command line}
   size_t MarkStackSize                            = 4194304                                   {product} {ergonomic}
   size_t MaxHeapSize                              = 3221225472                                {product} {command line}
   size_t MaxNewSize                               = 62914560                                  {product} {command line}
   size_t MinHeapDeltaBytes                        = 1048576                                   {product} {ergonomic}
   size_t NewSize                                  = 62914560                                  {product} {command line}
    uintx NonNMethodCodeHeapSize                   = 5836300                                {pd product} {ergonomic}
    uintx NonProfiledCodeHeapSize                  = 122910970                              {pd product} {ergonomic}
    uintx ProfiledCodeHeapSize                     = 122910970                              {pd product} {ergonomic}
    uintx ReservedCodeCacheSize                    = 251658240                              {pd product} {ergonomic}
     bool SegmentedCodeCache                       = true                                      {product} {ergonomic}
    uintx StringTableSize                          = 4072                                      {product} {command line}
     intx ThreadStackSize                          = 5120                                   {pd product} {command line}
     bool UseCompressedClassPointers               = true                                 {lp64_product} {ergonomic}
     bool UseCompressedOops                        = true                                 {lp64_product} {ergonomic}
     bool UseG1GC                                  = true                                      {product} {ergonomic}
     bool UseLargePagesIndividualAllocation        = false                                  {pd product} {ergonomic}
     bool UsePerfData                              = false                                     {product} {command line}

Logging:
Log output configuration:
 #0: stdout all=warning uptime,level,tags
 #1: stderr all=off uptime,level,tags

Environment Variables:
PATH=D:/Vivado/2021.2\gnuwin\bin;D:/Vivado/2021.2\gnu\microblaze\nt\bin;D:/Vivado/2021.2/bin;D:/Vivado/2021.2/tps/win64/javafx-sdk-11.0.2/lib;D:/Vivado/2021.2/tps/win64/javafx-sdk-11.0.2/bin;D:/Vivado/2021.2/lib/win64.o;D:/Vivado/2021.2/tps/win64/jre11.0.11_9/bin/server;D:/Vivado/2021.2/tps/win64/jre11.0.11_9/bin;D:/Vitis/2021.2/bin;D:/Vivado/2021.2/ids_lite/ISE/bin/nt64;D:/Vivado/2021.2/ids_lite/ISE/lib/nt64;D:/Vitis_HLS/2021.2/bin;C:\Program Files\Common Files\Siemens\Automation\Simatic OAM\bin;C:\WINDOWS\system32;C:\WINDOWS;C:\WINDOWS\System32\Wbem;C:\WINDOWS\System32\WindowsPowerShell\v1.0\;C:\WINDOWS\System32\OpenSSH\;D:\runtime\win64;D:\bin;C:\Program Files\PKWARE\pkzipc;D:\polyspace\bin;C:\Program Files (x86)\Microsoft SQL Server\Client SDK\ODBC\110\Tools\Binn\;C:\Program Files (x86)\Microsoft SQL Server\120\Tools\Binn\;C:\Program Files (x86)\Microsoft SQL Server\120\DTS\Binn\;C:\Program Files\dotnet\;C:\Program Files\Git\cmd;C:\Users\Saad\AppData\Local\Programs\Python\Python314\Scripts\;C:\Users\Saad\AppData\Local\Programs\Python\Python314\;C:\Users\Saad\AppData\Local\Programs\Python\Launcher\;C:\Users\Saad\AppData\Local\Microsoft\WindowsApps;D:\softwares\Microsoft VS Code\bin;;D:/Vivado/2021.2\tps\mingw\6.2.0\win64.o\nt\bin;D:/Vivado/2021.2\tps\mingw\6.2.0\win64.o\nt\libexec\gcc\x86_64-w64-mingw32\6.2.0;D:/Vivado/2021.2\tps\win64\python-3.8.3;D:/Vivado/2021.2\tps\win64\python-3.8.3\bin;D:/Vivado/2021.2\tps\win64\python-3.8.3\lib;D:/Vivado/2021.2\tps\win64\python-3.8.3\lib\site-packages
USERNAME=Saad
OS=Windows_NT
PROCESSOR_IDENTIFIER=Intel64 Family 6 Model 158 Stepping 10, GenuineIntel



---------------  S Y S T E M  ---------------

OS: Windows 10 , 64 bit Build 26100 (10.0.26100.8328)
OS uptime: 0 days 1:10 hours

CPU:total 12 (initial active 12) (6 cores per cpu, 2 threads per core) family 6 model 158 stepping 10 microcode 0xf8, cmov, cx8, fxsr, mmx, sse, sse2, sse3, ssse3, sse4.1, sse4.2, popcnt, avx, avx2, aes, clmul, erms, rtm, 3dnowpref, lzcnt, ht, tsc, tscinvbit, bmi1, bmi2, adx, fma

Memory: 4k page, system-wide physical 16158M (437M free)
TotalPageFile size 28220M (AvailPageFile size 0M)
current process WorkingSet (physical memory assigned to process): 1109M, peak: 1653M
current process commit charge ("private bytes"): 1674M, peak: 1701M

vm_info: OpenJDK 64-Bit Server VM (11.0.11+9) for windows-amd64 JRE (11.0.11+9), built on Apr  9 2021 19:32:08 by "" with MS VC++ 15.5 (VS2017)

END.
