#-----------------------------------------------------------
# Vivado v2021.2 (64-bit)
# SW Build 3367213 on Tue Oct 19 02:48:09 MDT 2021
# IP Build 3369179 on Thu Oct 21 08:25:16 MDT 2021
# Start of session at: Sat May 30 18:22:24 2026
# Process ID: 22316
# Current directory: C:/Users/Saad/Desktop/echo_Clone/arm_fpga_04_hdmi_output
# Command line: vivado.exe -gui_launcher_event rodinguilauncherevent22768 C:\Users\Saad\Desktop\echo_Clone\arm_fpga_04_hdmi_output\arm_fpga_04_hdmi_output.xpr
# Log file: C:/Users/Saad/Desktop/echo_Clone/arm_fpga_04_hdmi_output/vivado.log
# Journal file: C:/Users/Saad/Desktop/echo_Clone/arm_fpga_04_hdmi_output\vivado.jou
# Running On: DESKTOP-N4P9TIA, OS: Windows, CPU Frequency: 4008 MHz, CPU Physical cores: 6, Host memory: 16943 MB
#-----------------------------------------------------------
start_gui
open_project C:/Users/Saad/Desktop/echo_Clone/arm_fpga_04_hdmi_output/arm_fpga_04_hdmi_output.xpr
WARNING: [Board 49-26] cannot add Board Part xilinx.com:kcu105:part0:1.6 available at D:/Vivado/2021.2/data/xhub/boards/XilinxBoardStore/boards/Xilinx/kcu105/1.6/board.xml as part xcku040-ffva1156-2-e specified in board_part file is either invalid or not available
WARNING: [Board 49-26] cannot add Board Part xilinx.com:kcu105:part0:1.7 available at D:/Vivado/2021.2/data/xhub/boards/XilinxBoardStore/boards/Xilinx/kcu105/1.7/board.xml as part xcku040-ffva1156-2-e specified in board_part file is either invalid or not available
WARNING: [Board 49-26] cannot add Board Part xilinx.com:kcu116:part0:1.4 available at D:/Vivado/2021.2/data/xhub/boards/XilinxBoardStore/boards/Xilinx/kcu116/1.4/board.xml as part xcku5p-ffvb676-2-e specified in board_part file is either invalid or not available
WARNING: [Board 49-26] cannot add Board Part xilinx.com:kcu116:part0:1.5 available at D:/Vivado/2021.2/data/xhub/boards/XilinxBoardStore/boards/Xilinx/kcu116/1.5/board.xml as part xcku5p-ffvb676-2-e specified in board_part file is either invalid or not available
WARNING: [Board 49-26] cannot add Board Part xilinx.com:vck190_es:part0:1.3 available at D:/Vivado/2021.2/data/xhub/boards/XilinxBoardStore/boards/Xilinx/vck190/es/1.3/board.xml as part xcvc1902-vsva2197-2mp-e-s-es1 specified in board_part file is either invalid or not available
WARNING: [Board 49-26] cannot add Board Part xilinx.com:vcu108:part0:1.6 available at D:/Vivado/2021.2/data/xhub/boards/XilinxBoardStore/boards/Xilinx/vcu108/1.6/board.xml as part xcvu095-ffva2104-2-e specified in board_part file is either invalid or not available
WARNING: [Board 49-26] cannot add Board Part xilinx.com:vcu108:part0:1.7 available at D:/Vivado/2021.2/data/xhub/boards/XilinxBoardStore/boards/Xilinx/vcu108/1.7/board.xml as part xcvu095-ffva2104-2-e specified in board_part file is either invalid or not available
WARNING: [Board 49-26] cannot add Board Part xilinx.com:vcu110:part0:1.4 available at D:/Vivado/2021.2/data/xhub/boards/XilinxBoardStore/boards/Xilinx/vcu110/1.4/board.xml as part xcvu190-flgc2104-2-e specified in board_part file is either invalid or not available
WARNING: [Board 49-26] cannot add Board Part xilinx.com:vcu128:part0:1.0 available at D:/Vivado/2021.2/data/xhub/boards/XilinxBoardStore/boards/Xilinx/vcu128/production/1.0/board.xml as part xcvu37p-fsvh2892-2l-e specified in board_part file is either invalid or not available
WARNING: [Board 49-26] cannot add Board Part xilinx.com:vcu129:part0:1.0 available at D:/Vivado/2021.2/data/xhub/boards/XilinxBoardStore/boards/Xilinx/vcu129/production/1.0/board.xml as part xcvu29p-fsga2577-2l-e specified in board_part file is either invalid or not available
WARNING: [Board 49-26] cannot add Board Part xilinx.com:vmk180:part0:2.2 available at D:/Vivado/2021.2/data/xhub/boards/XilinxBoardStore/boards/Xilinx/vmk180/production/2.2/board.xml as part xcvm1802-vsva2197-2mp-e-s specified in board_part file is either invalid or not available
WARNING: [Board 49-26] cannot add Board Part xilinx.com:vmk180_es:part0:1.3 available at D:/Vivado/2021.2/data/xhub/boards/XilinxBoardStore/boards/Xilinx/vmk180/es/1.3/board.xml as part xcvm1802-vsva2197-2mp-e-s-es1 specified in board_part file is either invalid or not available
WARNING: [Board 49-26] cannot add Board Part xilinx.com:vpk120_es:part0:1.2 available at D:/Vivado/2021.2/data/xhub/boards/XilinxBoardStore/boards/Xilinx/vpk120/es/1.2/board.xml as part xcvp1202-vsva2785-2mp-e-s-es1 specified in board_part file is either invalid or not available
WARNING: [Board 49-26] cannot add Board Part xilinx.com:zcu208_es:part0:1.0 available at D:/Vivado/2021.2/data/xhub/boards/XilinxBoardStore/boards/Xilinx/zcu208/es/1.0/board.xml as part xczu48dr-fsvg1517-2-e-es1 specified in board_part file is either invalid or not available
WARNING: [Board 49-26] cannot add Board Part xilinx.com:zcu208_es:part0:1.1 available at D:/Vivado/2021.2/data/xhub/boards/XilinxBoardStore/boards/Xilinx/zcu208/es/1.1/board.xml as part xczu48dr-fsvg1517-2-e-es1 specified in board_part file is either invalid or not available
WARNING: [Board 49-26] cannot add Board Part xilinx.com:zcu208_es:part0:1.2 available at D:/Vivado/2021.2/data/xhub/boards/XilinxBoardStore/boards/Xilinx/zcu208/es/1.2/board.xml as part xczu48dr-fsvg1517-2-e-es1 specified in board_part file is either invalid or not available
WARNING: [Board 49-26] cannot add Board Part xilinx.com:zcu208ld:part0:2.0 available at D:/Vivado/2021.2/data/xhub/boards/XilinxBoardStore/boards/Xilinx/zcu208ld/production/2.0/board.xml as part xczu58dr-fsvg1517-2-i specified in board_part file is either invalid or not available
WARNING: [Board 49-26] cannot add Board Part xilinx.com:zcu208ld_es:part0:1.0 available at D:/Vivado/2021.2/data/xhub/boards/XilinxBoardStore/boards/Xilinx/zcu208ld/es/1.0/board.xml as part xczu58dr-fsvg1517-2-i-es1 specified in board_part file is either invalid or not available
WARNING: [Board 49-26] cannot add Board Part xilinx.com:zcu216_es:part0:1.0 available at D:/Vivado/2021.2/data/xhub/boards/XilinxBoardStore/boards/Xilinx/zcu216/es/1.0/board.xml as part xczu49dr-ffvf1760-2-e-es1 specified in board_part file is either invalid or not available
WARNING: [Board 49-26] cannot add Board Part xilinx.com:zcu216_es:part0:1.1 available at D:/Vivado/2021.2/data/xhub/boards/XilinxBoardStore/boards/Xilinx/zcu216/es/1.1/board.xml as part xczu49dr-ffvf1760-2-e-es1 specified in board_part file is either invalid or not available
WARNING: [Board 49-26] cannot add Board Part xilinx.com:zcu216_es:part0:1.2 available at D:/Vivado/2021.2/data/xhub/boards/XilinxBoardStore/boards/Xilinx/zcu216/es/1.2/board.xml as part xczu49dr-ffvf1760-2-e-es1 specified in board_part file is either invalid or not available
WARNING: [Board 49-26] cannot add Board Part xilinx.com:zcu216ld:part0:2.0 available at D:/Vivado/2021.2/data/xhub/boards/XilinxBoardStore/boards/Xilinx/zcu216ld/production/2.0/board.xml as part xczu59dr-ffvf1760-2-i specified in board_part file is either invalid or not available
WARNING: [Board 49-26] cannot add Board Part xilinx.com:zcu216ld_es:part0:1.0 available at D:/Vivado/2021.2/data/xhub/boards/XilinxBoardStore/boards/Xilinx/zcu216ld/es/1.0/board.xml as part xczu59dr-ffvf1760-2-i-es1 specified in board_part file is either invalid or not available
WARNING: [Board 49-26] cannot add Board Part xilinx.com:zcu670:part0:1.0 available at D:/Vivado/2021.2/data/xhub/boards/XilinxBoardStore/boards/Xilinx/zcu670/1.0/board.xml as part xczu67dr-fsve1156-2-i specified in board_part file is either invalid or not available
Scanning sources...
Finished scanning sources
INFO: [IP_Flow 19-234] Refreshing IP repositories
INFO: [IP_Flow 19-1700] Loaded user IP repository 'c:/Users/Saad/Desktop/echo_Clone/arm_fpga_04_hdmi_output/repo'.
INFO: [IP_Flow 19-2313] Loaded Vivado IP repository 'D:/Vivado/2021.2/data/ip'.
WARNING: [IP_Flow 19-3664] IP 'design_1_processing_system7_0_0' generated file not found 'c:/Users/Saad/Desktop/echo_Clone/arm_fpga_04_hdmi_output/arm_fpga_04_hdmi_output.gen/sources_1/bd/design_1/ip/design_1_processing_system7_0_0/design_1_processing_system7_0_0.dcp'. Please regenerate to continue.
WARNING: [IP_Flow 19-3664] IP 'design_1_processing_system7_0_0' generated file not found 'c:/Users/Saad/Desktop/echo_Clone/arm_fpga_04_hdmi_output/arm_fpga_04_hdmi_output.gen/sources_1/bd/design_1/ip/design_1_processing_system7_0_0/design_1_processing_system7_0_0_stub.v'. Please regenerate to continue.
WARNING: [IP_Flow 19-3664] IP 'design_1_processing_system7_0_0' generated file not found 'c:/Users/Saad/Desktop/echo_Clone/arm_fpga_04_hdmi_output/arm_fpga_04_hdmi_output.gen/sources_1/bd/design_1/ip/design_1_processing_system7_0_0/design_1_processing_system7_0_0_stub.vhdl'. Please regenerate to continue.
WARNING: [IP_Flow 19-3664] IP 'design_1_processing_system7_0_0' generated file not found 'c:/Users/Saad/Desktop/echo_Clone/arm_fpga_04_hdmi_output/arm_fpga_04_hdmi_output.gen/sources_1/bd/design_1/ip/design_1_processing_system7_0_0/design_1_processing_system7_0_0_sim_netlist.v'. Please regenerate to continue.
WARNING: [IP_Flow 19-3664] IP 'design_1_processing_system7_0_0' generated file not found 'c:/Users/Saad/Desktop/echo_Clone/arm_fpga_04_hdmi_output/arm_fpga_04_hdmi_output.gen/sources_1/bd/design_1/ip/design_1_processing_system7_0_0/design_1_processing_system7_0_0_sim_netlist.vhdl'. Please regenerate to continue.
WARNING: [IP_Flow 19-3664] IP 'design_1_rst_ps7_0_142M_0' generated file not found 'c:/Users/Saad/Desktop/echo_Clone/arm_fpga_04_hdmi_output/arm_fpga_04_hdmi_output.gen/sources_1/bd/design_1/ip/design_1_rst_ps7_0_142M_0/design_1_rst_ps7_0_142M_0.dcp'. Please regenerate to continue.
WARNING: [IP_Flow 19-3664] IP 'design_1_rst_ps7_0_142M_0' generated file not found 'c:/Users/Saad/Desktop/echo_Clone/arm_fpga_04_hdmi_output/arm_fpga_04_hdmi_output.gen/sources_1/bd/design_1/ip/design_1_rst_ps7_0_142M_0/design_1_rst_ps7_0_142M_0_stub.v'. Please regenerate to continue.
WARNING: [IP_Flow 19-3664] IP 'design_1_rst_ps7_0_142M_0' generated file not found 'c:/Users/Saad/Desktop/echo_Clone/arm_fpga_04_hdmi_output/arm_fpga_04_hdmi_output.gen/sources_1/bd/design_1/ip/design_1_rst_ps7_0_142M_0/design_1_rst_ps7_0_142M_0_stub.vhdl'. Please regenerate to continue.
WARNING: [IP_Flow 19-3664] IP 'design_1_rst_ps7_0_142M_0' generated file not found 'c:/Users/Saad/Desktop/echo_Clone/arm_fpga_04_hdmi_output/arm_fpga_04_hdmi_output.gen/sources_1/bd/design_1/ip/design_1_rst_ps7_0_142M_0/design_1_rst_ps7_0_142M_0_sim_netlist.v'. Please regenerate to continue.
WARNING: [IP_Flow 19-3664] IP 'design_1_rst_ps7_0_142M_0' generated file not found 'c:/Users/Saad/Desktop/echo_Clone/arm_fpga_04_hdmi_output/arm_fpga_04_hdmi_output.gen/sources_1/bd/design_1/ip/design_1_rst_ps7_0_142M_0/design_1_rst_ps7_0_142M_0_sim_netlist.vhdl'. Please regenerate to continue.
WARNING: [IP_Flow 19-3664] IP 'design_1_rst_ps7_0_100M_0' generated file not found 'c:/Users/Saad/Desktop/echo_Clone/arm_fpga_04_hdmi_output/arm_fpga_04_hdmi_output.gen/sources_1/bd/design_1/ip/design_1_rst_ps7_0_100M_0/design_1_rst_ps7_0_100M_0.dcp'. Please regenerate to continue.
WARNING: [IP_Flow 19-3664] IP 'design_1_rst_ps7_0_100M_0' generated file not found 'c:/Users/Saad/Desktop/echo_Clone/arm_fpga_04_hdmi_output/arm_fpga_04_hdmi_output.gen/sources_1/bd/design_1/ip/design_1_rst_ps7_0_100M_0/design_1_rst_ps7_0_100M_0_stub.v'. Please regenerate to continue.
WARNING: [IP_Flow 19-3664] IP 'design_1_rst_ps7_0_100M_0' generated file not found 'c:/Users/Saad/Desktop/echo_Clone/arm_fpga_04_hdmi_output/arm_fpga_04_hdmi_output.gen/sources_1/bd/design_1/ip/design_1_rst_ps7_0_100M_0/design_1_rst_ps7_0_100M_0_stub.vhdl'. Please regenerate to continue.
WARNING: [IP_Flow 19-3664] IP 'design_1_rst_ps7_0_100M_0' generated file not found 'c:/Users/Saad/Desktop/echo_Clone/arm_fpga_04_hdmi_output/arm_fpga_04_hdmi_output.gen/sources_1/bd/design_1/ip/design_1_rst_ps7_0_100M_0/design_1_rst_ps7_0_100M_0_sim_netlist.v'. Please regenerate to continue.
WARNING: [IP_Flow 19-3664] IP 'design_1_rst_ps7_0_100M_0' generated file not found 'c:/Users/Saad/Desktop/echo_Clone/arm_fpga_04_hdmi_output/arm_fpga_04_hdmi_output.gen/sources_1/bd/design_1/ip/design_1_rst_ps7_0_100M_0/design_1_rst_ps7_0_100M_0_sim_netlist.vhdl'. Please regenerate to continue.
WARNING: [IP_Flow 19-3664] IP 'design_1_axi_dynclk_0_0' generated file not found 'c:/Users/Saad/Desktop/echo_Clone/arm_fpga_04_hdmi_output/arm_fpga_04_hdmi_output.gen/sources_1/bd/design_1/ip/design_1_axi_dynclk_0_0/design_1_axi_dynclk_0_0.dcp'. Please regenerate to continue.
WARNING: [IP_Flow 19-3664] IP 'design_1_axi_dynclk_0_0' generated file not found 'c:/Users/Saad/Desktop/echo_Clone/arm_fpga_04_hdmi_output/arm_fpga_04_hdmi_output.gen/sources_1/bd/design_1/ip/design_1_axi_dynclk_0_0/design_1_axi_dynclk_0_0_stub.v'. Please regenerate to continue.
WARNING: [IP_Flow 19-3664] IP 'design_1_axi_dynclk_0_0' generated file not found 'c:/Users/Saad/Desktop/echo_Clone/arm_fpga_04_hdmi_output/arm_fpga_04_hdmi_output.gen/sources_1/bd/design_1/ip/design_1_axi_dynclk_0_0/design_1_axi_dynclk_0_0_stub.vhdl'. Please regenerate to continue.
WARNING: [IP_Flow 19-3664] IP 'design_1_axi_dynclk_0_0' generated file not found 'c:/Users/Saad/Desktop/echo_Clone/arm_fpga_04_hdmi_output/arm_fpga_04_hdmi_output.gen/sources_1/bd/design_1/ip/design_1_axi_dynclk_0_0/design_1_axi_dynclk_0_0_sim_netlist.v'. Please regenerate to continue.
WARNING: [IP_Flow 19-3664] IP 'design_1_axi_dynclk_0_0' generated file not found 'c:/Users/Saad/Desktop/echo_Clone/arm_fpga_04_hdmi_output/arm_fpga_04_hdmi_output.gen/sources_1/bd/design_1/ip/design_1_axi_dynclk_0_0/design_1_axi_dynclk_0_0_sim_netlist.vhdl'. Please regenerate to continue.
WARNING: [IP_Flow 19-3664] IP 'design_1_rgb2dvi_0_0' generated file not found 'c:/Users/Saad/Desktop/echo_Clone/arm_fpga_04_hdmi_output/arm_fpga_04_hdmi_output.gen/sources_1/bd/design_1/ip/design_1_rgb2dvi_0_0/design_1_rgb2dvi_0_0.dcp'. Please regenerate to continue.
WARNING: [IP_Flow 19-3664] IP 'design_1_rgb2dvi_0_0' generated file not found 'c:/Users/Saad/Desktop/echo_Clone/arm_fpga_04_hdmi_output/arm_fpga_04_hdmi_output.gen/sources_1/bd/design_1/ip/design_1_rgb2dvi_0_0/design_1_rgb2dvi_0_0_stub.v'. Please regenerate to continue.
WARNING: [IP_Flow 19-3664] IP 'design_1_rgb2dvi_0_0' generated file not found 'c:/Users/Saad/Desktop/echo_Clone/arm_fpga_04_hdmi_output/arm_fpga_04_hdmi_output.gen/sources_1/bd/design_1/ip/design_1_rgb2dvi_0_0/design_1_rgb2dvi_0_0_stub.vhdl'. Please regenerate to continue.
WARNING: [IP_Flow 19-3664] IP 'design_1_rgb2dvi_0_0' generated file not found 'c:/Users/Saad/Desktop/echo_Clone/arm_fpga_04_hdmi_output/arm_fpga_04_hdmi_output.gen/sources_1/bd/design_1/ip/design_1_rgb2dvi_0_0/design_1_rgb2dvi_0_0_sim_netlist.v'. Please regenerate to continue.
WARNING: [IP_Flow 19-3664] IP 'design_1_rgb2dvi_0_0' generated file not found 'c:/Users/Saad/Desktop/echo_Clone/arm_fpga_04_hdmi_output/arm_fpga_04_hdmi_output.gen/sources_1/bd/design_1/ip/design_1_rgb2dvi_0_0/design_1_rgb2dvi_0_0_sim_netlist.vhdl'. Please regenerate to continue.
WARNING: [IP_Flow 19-3664] IP 'design_1_axi_gpio_0_0' generated file not found 'c:/Users/Saad/Desktop/echo_Clone/arm_fpga_04_hdmi_output/arm_fpga_04_hdmi_output.gen/sources_1/bd/design_1/ip/design_1_axi_gpio_0_0/design_1_axi_gpio_0_0.dcp'. Please regenerate to continue.
WARNING: [IP_Flow 19-3664] IP 'design_1_axi_gpio_0_0' generated file not found 'c:/Users/Saad/Desktop/echo_Clone/arm_fpga_04_hdmi_output/arm_fpga_04_hdmi_output.gen/sources_1/bd/design_1/ip/design_1_axi_gpio_0_0/design_1_axi_gpio_0_0_stub.v'. Please regenerate to continue.
WARNING: [IP_Flow 19-3664] IP 'design_1_axi_gpio_0_0' generated file not found 'c:/Users/Saad/Desktop/echo_Clone/arm_fpga_04_hdmi_output/arm_fpga_04_hdmi_output.gen/sources_1/bd/design_1/ip/design_1_axi_gpio_0_0/design_1_axi_gpio_0_0_stub.vhdl'. Please regenerate to continue.
WARNING: [IP_Flow 19-3664] IP 'design_1_axi_gpio_0_0' generated file not found 'c:/Users/Saad/Desktop/echo_Clone/arm_fpga_04_hdmi_output/arm_fpga_04_hdmi_output.gen/sources_1/bd/design_1/ip/design_1_axi_gpio_0_0/design_1_axi_gpio_0_0_sim_netlist.v'. Please regenerate to continue.
WARNING: [IP_Flow 19-3664] IP 'design_1_axi_gpio_0_0' generated file not found 'c:/Users/Saad/Desktop/echo_Clone/arm_fpga_04_hdmi_output/arm_fpga_04_hdmi_output.gen/sources_1/bd/design_1/ip/design_1_axi_gpio_0_0/design_1_axi_gpio_0_0_sim_netlist.vhdl'. Please regenerate to continue.
WARNING: [IP_Flow 19-3664] IP 'design_1_axi_smc_0' generated file not found 'c:/Users/Saad/Desktop/echo_Clone/arm_fpga_04_hdmi_output/arm_fpga_04_hdmi_output.gen/sources_1/bd/design_1/ip/design_1_axi_smc_0/design_1_axi_smc_0.dcp'. Please regenerate to continue.
WARNING: [IP_Flow 19-3664] IP 'design_1_axi_smc_0' generated file not found 'c:/Users/Saad/Desktop/echo_Clone/arm_fpga_04_hdmi_output/arm_fpga_04_hdmi_output.gen/sources_1/bd/design_1/ip/design_1_axi_smc_0/design_1_axi_smc_0_stub.v'. Please regenerate to continue.
WARNING: [IP_Flow 19-3664] IP 'design_1_axi_smc_0' generated file not found 'c:/Users/Saad/Desktop/echo_Clone/arm_fpga_04_hdmi_output/arm_fpga_04_hdmi_output.gen/sources_1/bd/design_1/ip/design_1_axi_smc_0/design_1_axi_smc_0_stub.vhdl'. Please regenerate to continue.
WARNING: [IP_Flow 19-3664] IP 'design_1_axi_smc_0' generated file not found 'c:/Users/Saad/Desktop/echo_Clone/arm_fpga_04_hdmi_output/arm_fpga_04_hdmi_output.gen/sources_1/bd/design_1/ip/design_1_axi_smc_0/design_1_axi_smc_0_sim_netlist.v'. Please regenerate to continue.
WARNING: [IP_Flow 19-3664] IP 'design_1_axi_smc_0' generated file not found 'c:/Users/Saad/Desktop/echo_Clone/arm_fpga_04_hdmi_output/arm_fpga_04_hdmi_output.gen/sources_1/bd/design_1/ip/design_1_axi_smc_0/design_1_axi_smc_0_sim_netlist.vhdl'. Please regenerate to continue.
WARNING: [IP_Flow 19-3664] IP 'design_1_axi_vdma_0_0' generated file not found 'c:/Users/Saad/Desktop/echo_Clone/arm_fpga_04_hdmi_output/arm_fpga_04_hdmi_output.gen/sources_1/bd/design_1/ip/design_1_axi_vdma_0_0/design_1_axi_vdma_0_0.dcp'. Please regenerate to continue.
WARNING: [IP_Flow 19-3664] IP 'design_1_axi_vdma_0_0' generated file not found 'c:/Users/Saad/Desktop/echo_Clone/arm_fpga_04_hdmi_output/arm_fpga_04_hdmi_output.gen/sources_1/bd/design_1/ip/design_1_axi_vdma_0_0/design_1_axi_vdma_0_0_stub.v'. Please regenerate to continue.
WARNING: [IP_Flow 19-3664] IP 'design_1_axi_vdma_0_0' generated file not found 'c:/Users/Saad/Desktop/echo_Clone/arm_fpga_04_hdmi_output/arm_fpga_04_hdmi_output.gen/sources_1/bd/design_1/ip/design_1_axi_vdma_0_0/design_1_axi_vdma_0_0_stub.vhdl'. Please regenerate to continue.
WARNING: [IP_Flow 19-3664] IP 'design_1_axi_vdma_0_0' generated file not found 'c:/Users/Saad/Desktop/echo_Clone/arm_fpga_04_hdmi_output/arm_fpga_04_hdmi_output.gen/sources_1/bd/design_1/ip/design_1_axi_vdma_0_0/design_1_axi_vdma_0_0_sim_netlist.v'. Please regenerate to continue.
WARNING: [IP_Flow 19-3664] IP 'design_1_axi_vdma_0_0' generated file not found 'c:/Users/Saad/Desktop/echo_Clone/arm_fpga_04_hdmi_output/arm_fpga_04_hdmi_output.gen/sources_1/bd/design_1/ip/design_1_axi_vdma_0_0/design_1_axi_vdma_0_0_sim_netlist.vhdl'. Please regenerate to continue.
WARNING: [IP_Flow 19-3664] IP 'design_1_axis_subset_converter_0_0' generated file not found 'c:/Users/Saad/Desktop/echo_Clone/arm_fpga_04_hdmi_output/arm_fpga_04_hdmi_output.gen/sources_1/bd/design_1/ip/design_1_axis_subset_converter_0_0/design_1_axis_subset_converter_0_0.dcp'. Please regenerate to continue.
WARNING: [IP_Flow 19-3664] IP 'design_1_axis_subset_converter_0_0' generated file not found 'c:/Users/Saad/Desktop/echo_Clone/arm_fpga_04_hdmi_output/arm_fpga_04_hdmi_output.gen/sources_1/bd/design_1/ip/design_1_axis_subset_converter_0_0/design_1_axis_subset_converter_0_0_stub.v'. Please regenerate to continue.
WARNING: [IP_Flow 19-3664] IP 'design_1_axis_subset_converter_0_0' generated file not found 'c:/Users/Saad/Desktop/echo_Clone/arm_fpga_04_hdmi_output/arm_fpga_04_hdmi_output.gen/sources_1/bd/design_1/ip/design_1_axis_subset_converter_0_0/design_1_axis_subset_converter_0_0_stub.vhdl'. Please regenerate to continue.
WARNING: [IP_Flow 19-3664] IP 'design_1_axis_subset_converter_0_0' generated file not found 'c:/Users/Saad/Desktop/echo_Clone/arm_fpga_04_hdmi_output/arm_fpga_04_hdmi_output.gen/sources_1/bd/design_1/ip/design_1_axis_subset_converter_0_0/design_1_axis_subset_converter_0_0_sim_netlist.v'. Please regenerate to continue.
WARNING: [IP_Flow 19-3664] IP 'design_1_axis_subset_converter_0_0' generated file not found 'c:/Users/Saad/Desktop/echo_Clone/arm_fpga_04_hdmi_output/arm_fpga_04_hdmi_output.gen/sources_1/bd/design_1/ip/design_1_axis_subset_converter_0_0/design_1_axis_subset_converter_0_0_sim_netlist.vhdl'. Please regenerate to continue.
WARNING: [IP_Flow 19-3664] IP 'design_1_xbar_0' generated file not found 'c:/Users/Saad/Desktop/echo_Clone/arm_fpga_04_hdmi_output/arm_fpga_04_hdmi_output.gen/sources_1/bd/design_1/ip/design_1_xbar_0/design_1_xbar_0.dcp'. Please regenerate to continue.
WARNING: [IP_Flow 19-3664] IP 'design_1_xbar_0' generated file not found 'c:/Users/Saad/Desktop/echo_Clone/arm_fpga_04_hdmi_output/arm_fpga_04_hdmi_output.gen/sources_1/bd/design_1/ip/design_1_xbar_0/design_1_xbar_0_stub.v'. Please regenerate to continue.
WARNING: [IP_Flow 19-3664] IP 'design_1_xbar_0' generated file not found 'c:/Users/Saad/Desktop/echo_Clone/arm_fpga_04_hdmi_output/arm_fpga_04_hdmi_output.gen/sources_1/bd/design_1/ip/design_1_xbar_0/design_1_xbar_0_stub.vhdl'. Please regenerate to continue.
WARNING: [IP_Flow 19-3664] IP 'design_1_xbar_0' generated file not found 'c:/Users/Saad/Desktop/echo_Clone/arm_fpga_04_hdmi_output/arm_fpga_04_hdmi_output.gen/sources_1/bd/design_1/ip/design_1_xbar_0/design_1_xbar_0_sim_netlist.v'. Please regenerate to continue.
WARNING: [IP_Flow 19-3664] IP 'design_1_xbar_0' generated file not found 'c:/Users/Saad/Desktop/echo_Clone/arm_fpga_04_hdmi_output/arm_fpga_04_hdmi_output.gen/sources_1/bd/design_1/ip/design_1_xbar_0/design_1_xbar_0_sim_netlist.vhdl'. Please regenerate to continue.
WARNING: [IP_Flow 19-3664] IP 'design_1_auto_pc_0' generated file not found 'c:/Users/Saad/Desktop/echo_Clone/arm_fpga_04_hdmi_output/arm_fpga_04_hdmi_output.gen/sources_1/bd/design_1/ip/design_1_auto_pc_0/design_1_auto_pc_0.dcp'. Please regenerate to continue.
WARNING: [IP_Flow 19-3664] IP 'design_1_auto_pc_0' generated file not found 'c:/Users/Saad/Desktop/echo_Clone/arm_fpga_04_hdmi_output/arm_fpga_04_hdmi_output.gen/sources_1/bd/design_1/ip/design_1_auto_pc_0/design_1_auto_pc_0_stub.v'. Please regenerate to continue.
WARNING: [IP_Flow 19-3664] IP 'design_1_auto_pc_0' generated file not found 'c:/Users/Saad/Desktop/echo_Clone/arm_fpga_04_hdmi_output/arm_fpga_04_hdmi_output.gen/sources_1/bd/design_1/ip/design_1_auto_pc_0/design_1_auto_pc_0_stub.vhdl'. Please regenerate to continue.
WARNING: [IP_Flow 19-3664] IP 'design_1_auto_pc_0' generated file not found 'c:/Users/Saad/Desktop/echo_Clone/arm_fpga_04_hdmi_output/arm_fpga_04_hdmi_output.gen/sources_1/bd/design_1/ip/design_1_auto_pc_0/design_1_auto_pc_0_sim_netlist.v'. Please regenerate to continue.
WARNING: [IP_Flow 19-3664] IP 'design_1_auto_pc_0' generated file not found 'c:/Users/Saad/Desktop/echo_Clone/arm_fpga_04_hdmi_output/arm_fpga_04_hdmi_output.gen/sources_1/bd/design_1/ip/design_1_auto_pc_0/design_1_auto_pc_0_sim_netlist.vhdl'. Please regenerate to continue.
WARNING: [IP_Flow 19-3664] IP 'design_1_v_axi4s_vid_out_0_0' generated file not found 'c:/Users/Saad/Desktop/echo_Clone/arm_fpga_04_hdmi_output/arm_fpga_04_hdmi_output.gen/sources_1/bd/design_1/ip/design_1_v_axi4s_vid_out_0_0/design_1_v_axi4s_vid_out_0_0.dcp'. Please regenerate to continue.
WARNING: [IP_Flow 19-3664] IP 'design_1_v_axi4s_vid_out_0_0' generated file not found 'c:/Users/Saad/Desktop/echo_Clone/arm_fpga_04_hdmi_output/arm_fpga_04_hdmi_output.gen/sources_1/bd/design_1/ip/design_1_v_axi4s_vid_out_0_0/design_1_v_axi4s_vid_out_0_0_stub.v'. Please regenerate to continue.
WARNING: [IP_Flow 19-3664] IP 'design_1_v_axi4s_vid_out_0_0' generated file not found 'c:/Users/Saad/Desktop/echo_Clone/arm_fpga_04_hdmi_output/arm_fpga_04_hdmi_output.gen/sources_1/bd/design_1/ip/design_1_v_axi4s_vid_out_0_0/design_1_v_axi4s_vid_out_0_0_stub.vhdl'. Please regenerate to continue.
WARNING: [IP_Flow 19-3664] IP 'design_1_v_axi4s_vid_out_0_0' generated file not found 'c:/Users/Saad/Desktop/echo_Clone/arm_fpga_04_hdmi_output/arm_fpga_04_hdmi_output.gen/sources_1/bd/design_1/ip/design_1_v_axi4s_vid_out_0_0/design_1_v_axi4s_vid_out_0_0_sim_netlist.v'. Please regenerate to continue.
WARNING: [IP_Flow 19-3664] IP 'design_1_v_axi4s_vid_out_0_0' generated file not found 'c:/Users/Saad/Desktop/echo_Clone/arm_fpga_04_hdmi_output/arm_fpga_04_hdmi_output.gen/sources_1/bd/design_1/ip/design_1_v_axi4s_vid_out_0_0/design_1_v_axi4s_vid_out_0_0_sim_netlist.vhdl'. Please regenerate to continue.
WARNING: [IP_Flow 19-3664] IP 'design_1_v_tc_0_0' generated file not found 'c:/Users/Saad/Desktop/echo_Clone/arm_fpga_04_hdmi_output/arm_fpga_04_hdmi_output.gen/sources_1/bd/design_1/ip/design_1_v_tc_0_0/design_1_v_tc_0_0.dcp'. Please regenerate to continue.
WARNING: [IP_Flow 19-3664] IP 'design_1_v_tc_0_0' generated file not found 'c:/Users/Saad/Desktop/echo_Clone/arm_fpga_04_hdmi_output/arm_fpga_04_hdmi_output.gen/sources_1/bd/design_1/ip/design_1_v_tc_0_0/design_1_v_tc_0_0_stub.v'. Please regenerate to continue.
WARNING: [IP_Flow 19-3664] IP 'design_1_v_tc_0_0' generated file not found 'c:/Users/Saad/Desktop/echo_Clone/arm_fpga_04_hdmi_output/arm_fpga_04_hdmi_output.gen/sources_1/bd/design_1/ip/design_1_v_tc_0_0/design_1_v_tc_0_0_stub.vhdl'. Please regenerate to continue.
WARNING: [IP_Flow 19-3664] IP 'design_1_v_tc_0_0' generated file not found 'c:/Users/Saad/Desktop/echo_Clone/arm_fpga_04_hdmi_output/arm_fpga_04_hdmi_output.gen/sources_1/bd/design_1/ip/design_1_v_tc_0_0/design_1_v_tc_0_0_sim_netlist.v'. Please regenerate to continue.
WARNING: [IP_Flow 19-3664] IP 'design_1_v_tc_0_0' generated file not found 'c:/Users/Saad/Desktop/echo_Clone/arm_fpga_04_hdmi_output/arm_fpga_04_hdmi_output.gen/sources_1/bd/design_1/ip/design_1_v_tc_0_0/design_1_v_tc_0_0_sim_netlist.vhdl'. Please regenerate to continue.
open_project: Time (s): cpu = 00:00:33 ; elapsed = 00:00:17 . Memory (MB): peak = 1387.695 ; gain = 27.570
update_compile_order -fileset sources_1
open_bd_design {C:/Users/Saad/Desktop/echo_Clone/arm_fpga_04_hdmi_output/arm_fpga_04_hdmi_output.srcs/sources_1/bd/design_1/design_1.bd}
Reading block design file <C:/Users/Saad/Desktop/echo_Clone/arm_fpga_04_hdmi_output/arm_fpga_04_hdmi_output.srcs/sources_1/bd/design_1/design_1.bd>...
Adding component instance block -- xilinx.com:ip:processing_system7:5.5 - processing_system7_0
WARNING: [BD 41-176] The physical port 'M_AXI_GP0_aximm_wr_socket' specified in the portmap, is not found on the block! 
WARNING: [BD 41-176] The physical port 'M_AXI_GP0_aximm_rd_socket' specified in the portmap, is not found on the block! 
WARNING: [BD 41-176] The physical port 'S_AXI_HP0_aximm_wr_socket' specified in the portmap, is not found on the block! 
WARNING: [BD 41-176] The physical port 'S_AXI_HP0_aximm_rd_socket' specified in the portmap, is not found on the block! 
Adding component instance block -- xilinx.com:ip:proc_sys_reset:5.0 - rst_ps7_0_142M
Adding component instance block -- xilinx.com:ip:proc_sys_reset:5.0 - rst_ps7_0_100M
Adding component instance block -- digilentinc.com:ip:axi_dynclk:1.0 - axi_dynclk_0
Adding component instance block -- digilentinc.com:ip:rgb2dvi:1.2 - rgb2dvi_0
Adding component instance block -- xilinx.com:ip:axi_gpio:2.0 - axi_gpio_0
Adding component instance block -- xilinx.com:ip:smartconnect:1.0 - axi_smc
Adding component instance block -- xilinx.com:ip:axi_vdma:6.3 - axi_vdma_0
Adding component instance block -- xilinx.com:ip:axis_subset_converter:1.1 - axis_subset_converter_0
Adding component instance block -- xilinx.com:ip:axi_interconnect:2.1 - ps7_0_axi_periph
Adding component instance block -- xilinx.com:ip:axi_crossbar:2.1 - xbar
Adding component instance block -- xilinx.com:ip:axi_protocol_converter:2.1 - auto_pc
Adding component instance block -- xilinx.com:ip:v_axi4s_vid_out:4.0 - v_axi4s_vid_out_0
Adding component instance block -- xilinx.com:ip:v_tc:6.2 - v_tc_0
Adding component instance block -- xilinx.com:ip:xlconcat:2.1 - xlconcat_0
Adding component instance block -- xilinx.com:ip:xlconstant:1.1 - xlconstant_0
Adding component instance block -- xilinx.com:ip:xlconstant:1.1 - xlconstant_1
Successfully read diagram <design_1> from block design file <C:/Users/Saad/Desktop/echo_Clone/arm_fpga_04_hdmi_output/arm_fpga_04_hdmi_output.srcs/sources_1/bd/design_1/design_1.bd>
open_bd_design: Time (s): cpu = 00:00:10 ; elapsed = 00:00:06 . Memory (MB): peak = 1417.523 ; gain = 12.621
report_ip_status -name ip_status 
regenerate_bd_layout -routing
regenerate_bd_layout -routing
regenerate_bd_layout -routing
regenerate_bd_layout -routing
startgroup
set_property -dict [list CONFIG.c_m_axi_mm2s_data_width {32} CONFIG.c_num_fstores {3} CONFIG.c_use_mm2s_fsync {1} CONFIG.c_s2mm_genlock_mode {0} CONFIG.c_mm2s_max_burst_length {16} CONFIG.c_include_s2mm {0}] [get_bd_cells axi_vdma_0]
endgroup
startgroup
endgroup
validate_bd_design
INFO: [xilinx.com:ip:smartconnect:1.0-1] design_1_axi_smc_0: SmartConnect design_1_axi_smc_0 is in High-performance Mode.
CRITICAL WARNING: [BD 41-1343] Reset pin /v_tc_0/resetn (associated clock /v_tc_0/clk) is connected to reset source /rst_ps7_0_100M/peripheral_aresetn (synchronous to clock source /processing_system7_0/FCLK_CLK0).
This may prevent design from meeting timing. Please add Processor System Reset module to create a reset that is synchronous to the associated clock source /axi_dynclk_0/PXL_CLK_O.
WARNING: [BD 41-927] Following properties on pin /axi_dynclk_0/REF_CLK_I have been updated from connected ip, but BD cell '/axi_dynclk_0' does not accept parameter changes, so they may not be synchronized with cell properties:
	PHASE = 0.000 
Please resolve any mismatches by directly setting properties on BD cell </axi_dynclk_0> to completely resolve these warnings.
WARNING: [BD 41-927] Following properties on pin /axi_dynclk_0/PXL_CLK_O have been updated from connected ip, but BD cell '/axi_dynclk_0' does not accept parameter changes, so they may not be synchronized with cell properties:
	PHASE = 0.000 
Please resolve any mismatches by directly setting properties on BD cell </axi_dynclk_0> to completely resolve these warnings.
WARNING: [BD 41-927] Following properties on pin /axi_dynclk_0/PXL_CLK_5X_O have been updated from connected ip, but BD cell '/axi_dynclk_0' does not accept parameter changes, so they may not be synchronized with cell properties:
	PHASE = 0.000 
Please resolve any mismatches by directly setting properties on BD cell </axi_dynclk_0> to completely resolve these warnings.
WARNING: [BD 41-927] Following properties on pin /axi_dynclk_0/s00_axi_aclk have been updated from connected ip, but BD cell '/axi_dynclk_0' does not accept parameter changes, so they may not be synchronized with cell properties:
	PHASE = 0.000 
Please resolve any mismatches by directly setting properties on BD cell </axi_dynclk_0> to completely resolve these warnings.
WARNING: [BD 41-927] Following properties on pin /rgb2dvi_0/PixelClk have been updated from connected ip, but BD cell '/rgb2dvi_0' does not accept parameter changes, so they may not be synchronized with cell properties:
	PHASE = 0.000 
Please resolve any mismatches by directly setting properties on BD cell </rgb2dvi_0> to completely resolve these warnings.
WARNING: [BD 41-927] Following properties on pin /rgb2dvi_0/SerialClk have been updated from connected ip, but BD cell '/rgb2dvi_0' does not accept parameter changes, so they may not be synchronized with cell properties:
	PHASE = 0.000 
Please resolve any mismatches by directly setting properties on BD cell </rgb2dvi_0> to completely resolve these warnings.
validate_bd_design: Time (s): cpu = 00:00:05 ; elapsed = 00:00:06 . Memory (MB): peak = 1634.238 ; gain = 50.871
startgroup
set_property -dict [list CONFIG.M_TDATA_NUM_BYTES {4} CONFIG.TDATA_REMAP {tdata[31:0]} CONFIG.TKEEP_REMAP {tkeep[3:0]}] [get_bd_cells axis_subset_converter_0]
endgroup
startgroup
endgroup
startgroup
endgroup
startgroup
endgroup
startgroup
set_property -dict [list CONFIG.HAS_INTC_IF {true}] [get_bd_cells v_tc_0]
endgroup
connect_bd_net [get_bd_pins axi_vdma_0/mm2s_fsync] [get_bd_pins v_tc_0/fsync_out]
startgroup
set_property -dict [list CONFIG.VIDEO_MODE {480p} CONFIG.GEN_F0_VSYNC_VSTART {489} CONFIG.GEN_F1_VSYNC_VSTART {489} CONFIG.GEN_HACTIVE_SIZE {640} CONFIG.GEN_HSYNC_END {752} CONFIG.GEN_HFRAME_SIZE {800} CONFIG.GEN_F0_VSYNC_HSTART {695} CONFIG.GEN_F0_VFRAME_SIZE {525} CONFIG.GEN_F1_VFRAME_SIZE {525} CONFIG.GEN_F0_VSYNC_VEND {491} CONFIG.GEN_F1_VSYNC_VEND {491} CONFIG.GEN_HSYNC_START {656} CONFIG.GEN_VACTIVE_SIZE {480}] [get_bd_cells v_tc_0]
endgroup
startgroup
set_property -dict [list CONFIG.kClkRange {1}] [get_bd_cells rgb2dvi_0]
endgroup
report_ip_status -name ip_status 
validate_bd_design
INFO: [xilinx.com:ip:smartconnect:1.0-1] design_1_axi_smc_0: SmartConnect design_1_axi_smc_0 is in High-performance Mode.
CRITICAL WARNING: [BD 41-1343] Reset pin /v_tc_0/resetn (associated clock /v_tc_0/clk) is connected to reset source /rst_ps7_0_100M/peripheral_aresetn (synchronous to clock source /processing_system7_0/FCLK_CLK0).
This may prevent design from meeting timing. Please add Processor System Reset module to create a reset that is synchronous to the associated clock source /axi_dynclk_0/PXL_CLK_O.
CRITICAL WARNING: [BD 41-237] Bus Interface property TDATA_NUM_BYTES does not match between /v_axi4s_vid_out_0/video_in(3) and /axis_subset_converter_0/M_AXIS(4)
WARNING: [BD 41-927] Following properties on pin /axi_dynclk_0/REF_CLK_I have been updated from connected ip, but BD cell '/axi_dynclk_0' does not accept parameter changes, so they may not be synchronized with cell properties:
	PHASE = 0.000 
Please resolve any mismatches by directly setting properties on BD cell </axi_dynclk_0> to completely resolve these warnings.
WARNING: [BD 41-927] Following properties on pin /axi_dynclk_0/PXL_CLK_O have been updated from connected ip, but BD cell '/axi_dynclk_0' does not accept parameter changes, so they may not be synchronized with cell properties:
	PHASE = 0.000 
Please resolve any mismatches by directly setting properties on BD cell </axi_dynclk_0> to completely resolve these warnings.
WARNING: [BD 41-927] Following properties on pin /axi_dynclk_0/PXL_CLK_5X_O have been updated from connected ip, but BD cell '/axi_dynclk_0' does not accept parameter changes, so they may not be synchronized with cell properties:
	PHASE = 0.000 
Please resolve any mismatches by directly setting properties on BD cell </axi_dynclk_0> to completely resolve these warnings.
WARNING: [BD 41-927] Following properties on pin /axi_dynclk_0/s00_axi_aclk have been updated from connected ip, but BD cell '/axi_dynclk_0' does not accept parameter changes, so they may not be synchronized with cell properties:
	PHASE = 0.000 
Please resolve any mismatches by directly setting properties on BD cell </axi_dynclk_0> to completely resolve these warnings.
WARNING: [BD 41-927] Following properties on pin /rgb2dvi_0/PixelClk have been updated from connected ip, but BD cell '/rgb2dvi_0' does not accept parameter changes, so they may not be synchronized with cell properties:
	PHASE = 0.000 
Please resolve any mismatches by directly setting properties on BD cell </rgb2dvi_0> to completely resolve these warnings.
WARNING: [BD 41-927] Following properties on pin /rgb2dvi_0/SerialClk have been updated from connected ip, but BD cell '/rgb2dvi_0' does not accept parameter changes, so they may not be synchronized with cell properties:
	PHASE = 0.000 
Please resolve any mismatches by directly setting properties on BD cell </rgb2dvi_0> to completely resolve these warnings.
validate_bd_design -force
INFO: [xilinx.com:ip:smartconnect:1.0-1] design_1_axi_smc_0: SmartConnect design_1_axi_smc_0 is in High-performance Mode.
CRITICAL WARNING: [BD 41-1343] Reset pin /v_tc_0/resetn (associated clock /v_tc_0/clk) is connected to reset source /rst_ps7_0_100M/peripheral_aresetn (synchronous to clock source /processing_system7_0/FCLK_CLK0).
This may prevent design from meeting timing. Please add Processor System Reset module to create a reset that is synchronous to the associated clock source /axi_dynclk_0/PXL_CLK_O.
CRITICAL WARNING: [BD 41-237] Bus Interface property TDATA_NUM_BYTES does not match between /v_axi4s_vid_out_0/video_in(3) and /axis_subset_converter_0/M_AXIS(4)
WARNING: [BD 41-927] Following properties on pin /axi_dynclk_0/REF_CLK_I have been updated from connected ip, but BD cell '/axi_dynclk_0' does not accept parameter changes, so they may not be synchronized with cell properties:
	PHASE = 0.000 
Please resolve any mismatches by directly setting properties on BD cell </axi_dynclk_0> to completely resolve these warnings.
WARNING: [BD 41-927] Following properties on pin /axi_dynclk_0/PXL_CLK_O have been updated from connected ip, but BD cell '/axi_dynclk_0' does not accept parameter changes, so they may not be synchronized with cell properties:
	PHASE = 0.000 
Please resolve any mismatches by directly setting properties on BD cell </axi_dynclk_0> to completely resolve these warnings.
WARNING: [BD 41-927] Following properties on pin /axi_dynclk_0/PXL_CLK_5X_O have been updated from connected ip, but BD cell '/axi_dynclk_0' does not accept parameter changes, so they may not be synchronized with cell properties:
	PHASE = 0.000 
Please resolve any mismatches by directly setting properties on BD cell </axi_dynclk_0> to completely resolve these warnings.
WARNING: [BD 41-927] Following properties on pin /axi_dynclk_0/s00_axi_aclk have been updated from connected ip, but BD cell '/axi_dynclk_0' does not accept parameter changes, so they may not be synchronized with cell properties:
	PHASE = 0.000 
Please resolve any mismatches by directly setting properties on BD cell </axi_dynclk_0> to completely resolve these warnings.
WARNING: [BD 41-927] Following properties on pin /rgb2dvi_0/PixelClk have been updated from connected ip, but BD cell '/rgb2dvi_0' does not accept parameter changes, so they may not be synchronized with cell properties:
	PHASE = 0.000 
Please resolve any mismatches by directly setting properties on BD cell </rgb2dvi_0> to completely resolve these warnings.
WARNING: [BD 41-927] Following properties on pin /rgb2dvi_0/SerialClk have been updated from connected ip, but BD cell '/rgb2dvi_0' does not accept parameter changes, so they may not be synchronized with cell properties:
	PHASE = 0.000 
Please resolve any mismatches by directly setting properties on BD cell </rgb2dvi_0> to completely resolve these warnings.
startgroup
endgroup
startgroup
set_property -dict [list CONFIG.M_TDATA_NUM_BYTES {3} CONFIG.TDATA_REMAP {tdata[23:0]} CONFIG.TKEEP_REMAP {tkeep[2:0]}] [get_bd_cells axis_subset_converter_0]
endgroup
report_ip_status -name ip_status 
validate_bd_design
INFO: [xilinx.com:ip:smartconnect:1.0-1] design_1_axi_smc_0: SmartConnect design_1_axi_smc_0 is in High-performance Mode.
CRITICAL WARNING: [BD 41-1343] Reset pin /v_tc_0/resetn (associated clock /v_tc_0/clk) is connected to reset source /rst_ps7_0_100M/peripheral_aresetn (synchronous to clock source /processing_system7_0/FCLK_CLK0).
This may prevent design from meeting timing. Please add Processor System Reset module to create a reset that is synchronous to the associated clock source /axi_dynclk_0/PXL_CLK_O.
WARNING: [BD 41-927] Following properties on pin /axi_dynclk_0/REF_CLK_I have been updated from connected ip, but BD cell '/axi_dynclk_0' does not accept parameter changes, so they may not be synchronized with cell properties:
	PHASE = 0.000 
Please resolve any mismatches by directly setting properties on BD cell </axi_dynclk_0> to completely resolve these warnings.
WARNING: [BD 41-927] Following properties on pin /axi_dynclk_0/PXL_CLK_O have been updated from connected ip, but BD cell '/axi_dynclk_0' does not accept parameter changes, so they may not be synchronized with cell properties:
	PHASE = 0.000 
Please resolve any mismatches by directly setting properties on BD cell </axi_dynclk_0> to completely resolve these warnings.
WARNING: [BD 41-927] Following properties on pin /axi_dynclk_0/PXL_CLK_5X_O have been updated from connected ip, but BD cell '/axi_dynclk_0' does not accept parameter changes, so they may not be synchronized with cell properties:
	PHASE = 0.000 
Please resolve any mismatches by directly setting properties on BD cell </axi_dynclk_0> to completely resolve these warnings.
WARNING: [BD 41-927] Following properties on pin /axi_dynclk_0/s00_axi_aclk have been updated from connected ip, but BD cell '/axi_dynclk_0' does not accept parameter changes, so they may not be synchronized with cell properties:
	PHASE = 0.000 
Please resolve any mismatches by directly setting properties on BD cell </axi_dynclk_0> to completely resolve these warnings.
WARNING: [BD 41-927] Following properties on pin /rgb2dvi_0/PixelClk have been updated from connected ip, but BD cell '/rgb2dvi_0' does not accept parameter changes, so they may not be synchronized with cell properties:
	PHASE = 0.000 
Please resolve any mismatches by directly setting properties on BD cell </rgb2dvi_0> to completely resolve these warnings.
WARNING: [BD 41-927] Following properties on pin /rgb2dvi_0/SerialClk have been updated from connected ip, but BD cell '/rgb2dvi_0' does not accept parameter changes, so they may not be synchronized with cell properties:
	PHASE = 0.000 
Please resolve any mismatches by directly setting properties on BD cell </rgb2dvi_0> to completely resolve these warnings.
make_wrapper -files [get_files C:/Users/Saad/Desktop/echo_Clone/arm_fpga_04_hdmi_output/arm_fpga_04_hdmi_output.srcs/sources_1/bd/design_1/design_1.bd] -top
INFO: [BD 41-1662] The design 'design_1.bd' is already validated. Therefore parameter propagation will not be re-run.
Wrote  : <C:\Users\Saad\Desktop\echo_Clone\arm_fpga_04_hdmi_output\arm_fpga_04_hdmi_output.srcs\sources_1\bd\design_1\design_1.bd> 
Wrote  : <C:/Users/Saad/Desktop/echo_Clone/arm_fpga_04_hdmi_output/arm_fpga_04_hdmi_output.srcs/sources_1/bd/design_1/ui/bd_1f5defd0.ui> 
VHDL Output written to : c:/Users/Saad/Desktop/echo_Clone/arm_fpga_04_hdmi_output/arm_fpga_04_hdmi_output.gen/sources_1/bd/design_1/synth/design_1.v
VHDL Output written to : c:/Users/Saad/Desktop/echo_Clone/arm_fpga_04_hdmi_output/arm_fpga_04_hdmi_output.gen/sources_1/bd/design_1/sim/design_1.v
VHDL Output written to : c:/Users/Saad/Desktop/echo_Clone/arm_fpga_04_hdmi_output/arm_fpga_04_hdmi_output.gen/sources_1/bd/design_1/hdl/design_1_wrapper.v
reset_run synth_1
reset_run design_1_processing_system7_0_0_synth_1
reset_run design_1_rst_ps7_0_142M_0_synth_1
reset_run design_1_rst_ps7_0_100M_0_synth_1
reset_run design_1_rgb2dvi_0_0_synth_1
reset_run design_1_axi_dynclk_0_0_synth_1
reset_run design_1_axi_vdma_0_0_synth_1
reset_run design_1_axi_smc_0_synth_1
reset_run design_1_axis_subset_converter_0_0_synth_1
reset_run design_1_v_tc_0_0_synth_1
launch_runs impl_1 -to_step write_bitstream -jobs 8
INFO: [BD 41-1662] The design 'design_1.bd' is already validated. Therefore parameter propagation will not be re-run.
Wrote  : <C:\Users\Saad\Desktop\echo_Clone\arm_fpga_04_hdmi_output\arm_fpga_04_hdmi_output.srcs\sources_1\bd\design_1\design_1.bd> 
VHDL Output written to : c:/Users/Saad/Desktop/echo_Clone/arm_fpga_04_hdmi_output/arm_fpga_04_hdmi_output.gen/sources_1/bd/design_1/synth/design_1.v
VHDL Output written to : c:/Users/Saad/Desktop/echo_Clone/arm_fpga_04_hdmi_output/arm_fpga_04_hdmi_output.gen/sources_1/bd/design_1/sim/design_1.v
VHDL Output written to : c:/Users/Saad/Desktop/echo_Clone/arm_fpga_04_hdmi_output/arm_fpga_04_hdmi_output.gen/sources_1/bd/design_1/hdl/design_1_wrapper.v
INFO: [BD 41-1029] Generation completed for the IP Integrator block rgb2dvi_0 .
Exporting to file c:/Users/Saad/Desktop/echo_Clone/arm_fpga_04_hdmi_output/arm_fpga_04_hdmi_output.gen/sources_1/bd/design_1/ip/design_1_axi_smc_0/bd_0/hw_handoff/design_1_axi_smc_0.hwh
Generated Hardware Definition File c:/Users/Saad/Desktop/echo_Clone/arm_fpga_04_hdmi_output/arm_fpga_04_hdmi_output.gen/sources_1/bd/design_1/ip/design_1_axi_smc_0/bd_0/synth/design_1_axi_smc_0.hwdef
INFO: [BD 41-1029] Generation completed for the IP Integrator block axi_smc .
WARNING: [IP_Flow 19-4994] Overwriting existing constraint file 'c:/Users/Saad/Desktop/echo_Clone/arm_fpga_04_hdmi_output/arm_fpga_04_hdmi_output.gen/sources_1/bd/design_1/ip/design_1_axi_vdma_0_0/design_1_axi_vdma_0_0_ooc.xdc'
INFO: [BD 41-1029] Generation completed for the IP Integrator block axi_vdma_0 .
WARNING: [IP_Flow 19-4994] Overwriting existing constraint file 'c:/Users/Saad/Desktop/echo_Clone/arm_fpga_04_hdmi_output/arm_fpga_04_hdmi_output.gen/sources_1/bd/design_1/ip/design_1_axis_subset_converter_0_0/design_1_axis_subset_converter_0_0_ooc.xdc'
INFO: [BD 41-1029] Generation completed for the IP Integrator block axis_subset_converter_0 .
INFO: [BD 41-1029] Generation completed for the IP Integrator block v_tc_0 .
WARNING: [IP_Flow 19-4994] Overwriting existing constraint file 'c:/Users/Saad/Desktop/echo_Clone/arm_fpga_04_hdmi_output/arm_fpga_04_hdmi_output.gen/sources_1/bd/design_1/ip/design_1_auto_pc_0/design_1_auto_pc_0_ooc.xdc'
INFO: [BD 41-1029] Generation completed for the IP Integrator block ps7_0_axi_periph/s00_couplers/auto_pc .
Exporting to file c:/Users/Saad/Desktop/echo_Clone/arm_fpga_04_hdmi_output/arm_fpga_04_hdmi_output.gen/sources_1/bd/design_1/hw_handoff/design_1.hwh
Generated Hardware Definition File c:/Users/Saad/Desktop/echo_Clone/arm_fpga_04_hdmi_output/arm_fpga_04_hdmi_output.gen/sources_1/bd/design_1/synth/design_1.hwdef
INFO: [IP_Flow 19-4993] Using cached IP synthesis design for IP design_1_auto_pc_0, cache-ID = a69f864c40ab7da1; cache size = 9.146 MB.
[Sat May 30 19:07:12 2026] Launched design_1_processing_system7_0_0_synth_1, design_1_rst_ps7_0_142M_0_synth_1, design_1_rst_ps7_0_100M_0_synth_1, design_1_rgb2dvi_0_0_synth_1, design_1_axi_dynclk_0_0_synth_1, design_1_axi_vdma_0_0_synth_1, design_1_axi_smc_0_synth_1, design_1_axis_subset_converter_0_0_synth_1, design_1_v_tc_0_0_synth_1, synth_1...
Run output will be captured here:
design_1_processing_system7_0_0_synth_1: C:/Users/Saad/Desktop/echo_Clone/arm_fpga_04_hdmi_output/arm_fpga_04_hdmi_output.runs/design_1_processing_system7_0_0_synth_1/runme.log
design_1_rst_ps7_0_142M_0_synth_1: C:/Users/Saad/Desktop/echo_Clone/arm_fpga_04_hdmi_output/arm_fpga_04_hdmi_output.runs/design_1_rst_ps7_0_142M_0_synth_1/runme.log
design_1_rst_ps7_0_100M_0_synth_1: C:/Users/Saad/Desktop/echo_Clone/arm_fpga_04_hdmi_output/arm_fpga_04_hdmi_output.runs/design_1_rst_ps7_0_100M_0_synth_1/runme.log
design_1_rgb2dvi_0_0_synth_1: C:/Users/Saad/Desktop/echo_Clone/arm_fpga_04_hdmi_output/arm_fpga_04_hdmi_output.runs/design_1_rgb2dvi_0_0_synth_1/runme.log
design_1_axi_dynclk_0_0_synth_1: C:/Users/Saad/Desktop/echo_Clone/arm_fpga_04_hdmi_output/arm_fpga_04_hdmi_output.runs/design_1_axi_dynclk_0_0_synth_1/runme.log
design_1_axi_vdma_0_0_synth_1: C:/Users/Saad/Desktop/echo_Clone/arm_fpga_04_hdmi_output/arm_fpga_04_hdmi_output.runs/design_1_axi_vdma_0_0_synth_1/runme.log
design_1_axi_smc_0_synth_1: C:/Users/Saad/Desktop/echo_Clone/arm_fpga_04_hdmi_output/arm_fpga_04_hdmi_output.runs/design_1_axi_smc_0_synth_1/runme.log
design_1_axis_subset_converter_0_0_synth_1: C:/Users/Saad/Desktop/echo_Clone/arm_fpga_04_hdmi_output/arm_fpga_04_hdmi_output.runs/design_1_axis_subset_converter_0_0_synth_1/runme.log
design_1_v_tc_0_0_synth_1: C:/Users/Saad/Desktop/echo_Clone/arm_fpga_04_hdmi_output/arm_fpga_04_hdmi_output.runs/design_1_v_tc_0_0_synth_1/runme.log
synth_1: C:/Users/Saad/Desktop/echo_Clone/arm_fpga_04_hdmi_output/arm_fpga_04_hdmi_output.runs/synth_1/runme.log
[Sat May 30 19:07:13 2026] Launched impl_1...
Run output will be captured here: C:/Users/Saad/Desktop/echo_Clone/arm_fpga_04_hdmi_output/arm_fpga_04_hdmi_output.runs/impl_1/runme.log
launch_runs: Time (s): cpu = 00:00:09 ; elapsed = 00:00:10 . Memory (MB): peak = 1939.676 ; gain = 25.066
ERROR: [Vivado 12-106] *** Exception: ui.utils.j: ui.frmwork.cmd.CommandFailedException: boost::filesystem::status: Insufficient system resources exist to complete the requested service: "C:/Users/Saad/Desktop/echo_Clone/arm_fpga_04_hdmi_output/arm_fpga_04_hdmi_output.runs/design_1_processing_system7_0_0_synth_1/" ui.frmwork.cmd.CommandFailedException: boost::filesystem::status: Insufficient system resources exist to complete the requested service: "C:/Users/Saad/Desktop/echo_Clone/arm_fpga_04_hdmi_output/arm_fpga_04_hdmi_output.runs/design_1_processing_system7_0_0_synth_1/"
	at ui.project.projecti.HAPRRunMgr_updateAllRuns(Native Method)
	at ui.data.experiment.D.cIz(SourceFile:210)
	at ui.data.experiment.F.aXx(SourceFile:383)
	at ui.frmwork.y.run(SourceFile:206)
	at java.base/java.lang.Thread.run(Thread.java:829)
 (See C:/Users/Saad/Desktop/echo_Clone/arm_fpga_04_hdmi_output/vivado_pid22316.debug)
